[2026-02-06 01:00:01 UTC] Running metadata_updater.py...

------ POOLS DAILY UPDATE - 2026-02-06 01:00:01 ------


Step 1: Getting TVL info for available pools...

Retry 1/30: Response Error 429, retrying...

Retry 2/30: Response Error 429, retrying...

Retry 3/30: Response Error 429, retrying...

Retry 4/30: Response Error 429, retrying...

Retry 5/30: Response Error 429, retrying...

Retry 6/30: Response Error 429, retrying...

Retry 7/30: Response Error 429, retrying...

Retry 8/30: Response Error 429, retrying...

Retry 9/30: Response Error 429, retrying...

Retry 10/30: Response Error 429, retrying...

Retry 11/30: Response Error 429, retrying...

Retry 12/30: Response Error 429, retrying...

Retry 13/30: Response Error 429, retrying...

Retry 14/30: Response Error 429, retrying...

Retry 15/30: Response Error 429, retrying...

Retry 16/30: Response Error 429, retrying...

Retry 17/30: Response Error 429, retrying...

Retry 18/30: Response Error 429, retrying...

Retry 19/30: Response Error 429, retrying...

Retry 20/30: Response Error 429, retrying...

Retry 21/30: Response Error 429, retrying...

Retry 22/30: Response Error 429, retrying...

Retry 23/30: Response Error 429, retrying...

Retry 24/30: Response Error 429, retrying...

Retry 25/30: Response Error 429, retrying...
Limit of 30 calls/min reached, waiting for 65s...

Step 2: Updating daily metadata for each pool...
Metadata for pool $WIF / SOL (D6NdKrKNQPmRZCCnG1GqXtF7MMoHB7qR6GU5TkG59Qz1) is NOT UP to date.
Last update: 2026-02-05 01:00:02
Updating daily metadata for pool $WIF / SOL (D6NdKrKNQPmRZCCnG1GqXtF7MMoHB7qR6GU5TkG59Qz1)

Retry 1/30: Response Error 429, retrying...

Retry 2/30: Response Error 429, retrying...

Retry 3/30: Response Error 429, retrying...

Retry 4/30: Response Error 429, retrying...

Retry 5/30: Response Error 429, retrying...

Retry 1/30: Response Error 429, retrying...

Retry 2/30: Response Error 429, retrying...

Retry 3/30: Response Error 429, retrying...

Retry 4/30: Response Error 429, retrying...

Retry 5/30: Response Error 429, retrying...

Retry 6/30: Response Error 429, retrying...

Retry 7/30: Response Error 429, retrying...

Retry 8/30: Response Error 429, retrying...

Retry 9/30: Response Error 429, retrying...

Retry 10/30: Response Error 429, retrying...

Retry 11/30: Response Error 429, retrying...

Retry 12/30: Response Error 429, retrying...

Retry 13/30: Response Error 429, retrying...

Retry 14/30: Response Error 429, retrying...

Retry 15/30: Response Error 429, retrying...

Retry 16/30: Response Error 429, retrying...

Retry 17/30: Response Error 429, retrying...

Retry 18/30: Response Error 429, retrying...

Retry 19/30: Response Error 429, retrying...

Retry 20/30: Response Error 429, retrying...

Retry 21/30: Response Error 429, retrying...

Retry 22/30: Response Error 429, retrying...
Limit of 30 calls/min reached, waiting for 65s...
Metadata for pool $WIF / SOL (CZrvf5cCAf7BoTqLkMEsT2czJobx4zfppHez2gaJwHaF) is NOT UP to date.
Last update: 2026-02-05 01:00:02
Updating daily metadata for pool $WIF / SOL (CZrvf5cCAf7BoTqLkMEsT2czJobx4zfppHez2gaJwHaF)

Retry 1/30: Response Error 429, retrying...

Retry 2/30: Response Error 429, retrying...

Retry 3/30: Response Error 429, retrying...

Retry 4/30: Response Error 429, retrying...

Retry 5/30: Response Error 429, retrying...

Retry 6/30: Response Error 429, retrying...

Retry 7/30: Response Error 429, retrying...

Retry 8/30: Response Error 429, retrying...

Retry 9/30: Response Error 429, retrying...

Retry 10/30: Response Error 429, retrying...

Retry 11/30: Response Error 429, retrying...

Retry 12/30: Response Error 429, retrying...

Retry 13/30: Response Error 429, retrying...

Retry 14/30: Response Error 429, retrying...

Retry 15/30: Response Error 429, retrying...

Retry 16/30: Response Error 429, retrying...

Retry 17/30: Response Error 429, retrying...

Retry 18/30: Response Error 429, retrying...

Retry 19/30: Response Error 429, retrying...

Retry 20/30: Response Error 429, retrying...

Retry 21/30: Response Error 429, retrying...

Retry 22/30: Response Error 429, retrying...

Retry 23/30: Response Error 429, retrying...

Retry 24/30: Response Error 429, retrying...

Retry 25/30: Response Error 429, retrying...
Limit of 30 calls/min reached, waiting for 65s...
Metadata for pool $WIF / SOL (4E6q7eJE6vBNdquqzYYi5gvzd5MNpwiQKhjbRTRQGuQd) is NOT UP to date.
Last update: 2026-02-05 01:00:02
Updating daily metadata for pool $WIF / SOL (4E6q7eJE6vBNdquqzYYi5gvzd5MNpwiQKhjbRTRQGuQd)
Metadata for pool $WIF / SOL (A6cVoMU1Z7oRi9R774QarVxHUmHPQkxQfYVFGNQuAx2b) is NOT UP to date.
Last update: 2026-02-05 01:00:02
Updating daily metadata for pool $WIF / SOL (A6cVoMU1Z7oRi9R774QarVxHUmHPQkxQfYVFGNQuAx2b)

Retry 1/30: Response Error 429, retrying...

Retry 2/30: Response Error 429, retrying...

Retry 3/30: Response Error 429, retrying...

Retry 4/30: Response Error 429, retrying...

Retry 5/30: Response Error 429, retrying...

Retry 6/30: Response Error 429, retrying...

Retry 7/30: Response Error 429, retrying...

Retry 8/30: Response Error 429, retrying...

Retry 9/30: Response Error 429, retrying...

Retry 10/30: Response Error 429, retrying...

Retry 11/30: Response Error 429, retrying...

Retry 12/30: Response Error 429, retrying...

Retry 13/30: Response Error 429, retrying...

Retry 14/30: Response Error 429, retrying...

Retry 15/30: Response Error 429, retrying...

Retry 16/30: Response Error 429, retrying...

Retry 17/30: Response Error 429, retrying...

Retry 18/30: Response Error 429, retrying...

Retry 19/30: Response Error 429, retrying...

Retry 20/30: Response Error 429, retrying...

Retry 21/30: Response Error 429, retrying...

Retry 22/30: Response Error 429, retrying...

Retry 23/30: Response Error 429, retrying...

Retry 24/30: Response Error 429, retrying...
Limit of 30 calls/min reached, waiting for 65s...

Retry 1/30: Response Error 429, retrying...

Retry 2/30: Response Error 429, retrying...

Retry 3/30: Response Error 429, retrying...

Retry 4/30: Response Error 429, retrying...

Retry 5/30: Response Error 429, retrying...

Retry 6/30: Response Error 429, retrying...

Retry 7/30: Response Error 429, retrying...

Retry 8/30: Response Error 429, retrying...
Metadata for pool $WIF / USDC (CN8M75cH57DuZNzW5wSUpTXtMrSfXBFScJoQxVCgAXes) is NOT UP to date.
Last update: 2026-02-05 01:00:02
Updating daily metadata for pool $WIF / USDC (CN8M75cH57DuZNzW5wSUpTXtMrSfXBFScJoQxVCgAXes)

Retry 1/30: Response Error 429, retrying...

Retry 2/30: Response Error 429, retrying...

Retry 3/30: Response Error 429, retrying...

Retry 4/30: Response Error 429, retrying...

Retry 5/30: Response Error 429, retrying...

Retry 6/30: Response Error 429, retrying...

Retry 7/30: Response Error 429, retrying...

Retry 8/30: Response Error 429, retrying...

Retry 9/30: Response Error 429, retrying...

Retry 10/30: Response Error 429, retrying...

Retry 11/30: Response Error 429, retrying...

Retry 12/30: Response Error 429, retrying...

Retry 13/30: Response Error 429, retrying...

Retry 14/30: Response Error 429, retrying...

Retry 15/30: Response Error 429, retrying...

Retry 16/30: Response Error 429, retrying...

Retry 17/30: Response Error 429, retrying...

Retry 18/30: Response Error 429, retrying...

Retry 19/30: Response Error 429, retrying...
Limit of 30 calls/min reached, waiting for 65s...
Metadata for pool $michi / SOL (CATK9eqtn8Qwv95JF6JS4xdC4AYRFqPiuswG7fwsnVN1) is NOT UP to date.
Last update: 2026-02-05 01:00:02
Updating daily metadata for pool $michi / SOL (CATK9eqtn8Qwv95JF6JS4xdC4AYRFqPiuswG7fwsnVN1)

Retry 1/30: Response Error 429, retrying...

Retry 2/30: Response Error 429, retrying...

Retry 3/30: Response Error 429, retrying...

Retry 4/30: Response Error 429, retrying...

Retry 5/30: Response Error 429, retrying...

Retry 6/30: Response Error 429, retrying...

Retry 7/30: Response Error 429, retrying...

Retry 8/30: Response Error 429, retrying...

Retry 9/30: Response Error 429, retrying...

Retry 10/30: Response Error 429, retrying...

Retry 11/30: Response Error 429, retrying...

Retry 12/30: Response Error 429, retrying...

Retry 13/30: Response Error 429, retrying...

Retry 14/30: Response Error 429, retrying...

Retry 15/30: Response Error 429, retrying...

Retry 16/30: Response Error 429, retrying...

Retry 17/30: Response Error 429, retrying...

Retry 18/30: Response Error 429, retrying...

Retry 19/30: Response Error 429, retrying...

Retry 20/30: Response Error 429, retrying...

Retry 21/30: Response Error 429, retrying...

Retry 22/30: Response Error 429, retrying...

Retry 23/30: Response Error 429, retrying...

Retry 24/30: Response Error 429, retrying...

Retry 25/30: Response Error 429, retrying...
Limit of 30 calls/min reached, waiting for 65s...
Metadata for pool -/+ / SOL (7PRRUiYzmK81hJzbbDFNpCR3aQbZCmtwTyaoPYndCoq6) is NOT UP to date.
Last update: 2026-02-05 01:00:02
Updating daily metadata for pool -/+ / SOL (7PRRUiYzmK81hJzbbDFNpCR3aQbZCmtwTyaoPYndCoq6)

Retry 1/30: Response Error 429, retrying...

Retry 2/30: Response Error 429, retrying...

Retry 3/30: Response Error 429, retrying...

Retry 4/30: Response Error 429, retrying...

Retry 5/30: Response Error 429, retrying...

Retry 6/30: Response Error 429, retrying...

Retry 7/30: Response Error 429, retrying...

Retry 8/30: Response Error 429, retrying...

Retry 9/30: Response Error 429, retrying...

Retry 10/30: Response Error 429, retrying...

Retry 11/30: Response Error 429, retrying...

Retry 12/30: Response Error 429, retrying...

Retry 13/30: Response Error 429, retrying...

Retry 14/30: Response Error 429, retrying...

Retry 15/30: Response Error 429, retrying...

Retry 16/30: Response Error 429, retrying...

Retry 17/30: Response Error 429, retrying...

Retry 18/30: Response Error 429, retrying...

Retry 19/30: Response Error 429, retrying...

Retry 20/30: Response Error 429, retrying...

Retry 21/30: Response Error 429, retrying...

Retry 22/30: Response Error 429, retrying...

Retry 23/30: Response Error 429, retrying...

Retry 24/30: Response Error 429, retrying...
Limit of 30 calls/min reached, waiting for 65s...
Metadata for pool ACS / SOL (Go1hKVCy6mJA5usvHNV74KjkexXG2AUporDMeda5icmb) is NOT UP to date.
Last update: 2026-02-05 01:00:02
Updating daily metadata for pool ACS / SOL (Go1hKVCy6mJA5usvHNV74KjkexXG2AUporDMeda5icmb)

Retry 1/30: Response Error 429, retrying...

Retry 2/30: Response Error 429, retrying...

Retry 3/30: Response Error 429, retrying...

Retry 4/30: Response Error 429, retrying...

Retry 5/30: Response Error 429, retrying...

Retry 6/30: Response Error 429, retrying...

Retry 7/30: Response Error 429, retrying...

Retry 8/30: Response Error 429, retrying...

Retry 9/30: Response Error 429, retrying...

Retry 10/30: Response Error 429, retrying...

Retry 11/30: Response Error 429, retrying...

Retry 12/30: Response Error 429, retrying...

Retry 13/30: Response Error 429, retrying...

Retry 14/30: Response Error 429, retrying...

Retry 15/30: Response Error 429, retrying...

Retry 16/30: Response Error 429, retrying...

Retry 17/30: Response Error 429, retrying...

Retry 18/30: Response Error 429, retrying...

Retry 19/30: Response Error 429, retrying...

Retry 20/30: Response Error 429, retrying...

Retry 21/30: Response Error 429, retrying...

Retry 22/30: Response Error 429, retrying...

Retry 23/30: Response Error 429, retrying...

Retry 24/30: Response Error 429, retrying...

Retry 25/30: Response Error 429, retrying...

Retry 26/30: Response Error 429, retrying...
Limit of 30 calls/min reached, waiting for 65s...
Metadata for pool ACS / USDC (DQbUWSZoLpuHmdyqnJzpctPBkoKdJhMZdE1cJoWk2pnt) is NOT UP to date.
Last update: 2026-02-05 01:00:02
Updating daily metadata for pool ACS / USDC (DQbUWSZoLpuHmdyqnJzpctPBkoKdJhMZdE1cJoWk2pnt)

Retry 1/30: Response Error 429, retrying...

Retry 2/30: Response Error 429, retrying...

Retry 3/30: Response Error 429, retrying...

Retry 4/30: Response Error 429, retrying...

Retry 5/30: Response Error 429, retrying...

Retry 6/30: Response Error 429, retrying...

Retry 7/30: Response Error 429, retrying...

Retry 8/30: Response Error 429, retrying...

Retry 9/30: Response Error 429, retrying...

Retry 10/30: Response Error 429, retrying...

Retry 11/30: Response Error 429, retrying...

Retry 12/30: Response Error 429, retrying...

Retry 13/30: Response Error 429, retrying...

Retry 14/30: Response Error 429, retrying...
Metadata for pool AUDIO / USDC (CZqbzVsVQQtBy1X15gHxipWFnC3Hkar62LJ49XuSK7ec) is NOT UP to date.
Last update: 2026-02-05 01:00:02
Updating daily metadata for pool AUDIO / USDC (CZqbzVsVQQtBy1X15gHxipWFnC3Hkar62LJ49XuSK7ec)

Retry 1/30: Response Error 429, retrying...

Retry 2/30: Response Error 429, retrying...

Retry 3/30: Response Error 429, retrying...

Retry 4/30: Response Error 429, retrying...

Retry 5/30: Response Error 429, retrying...

Retry 6/30: Response Error 429, retrying...

Retry 7/30: Response Error 429, retrying...

Retry 8/30: Response Error 429, retrying...

Retry 9/30: Response Error 429, retrying...

Retry 10/30: Response Error 429, retrying...

Retry 11/30: Response Error 429, retrying...
Limit of 30 calls/min reached, waiting for 65s...
Metadata for pool AVAX / USDC (CeGZNd2ap2ke8JreVqDXikSrxhnSERh9G8WAt4yqMcBs) is NOT UP to date.
Last update: 2026-02-05 01:00:02
Updating daily metadata for pool AVAX / USDC (CeGZNd2ap2ke8JreVqDXikSrxhnSERh9G8WAt4yqMcBs)

Retry 1/30: Response Error 429, retrying...

Retry 2/30: Response Error 429, retrying...

Retry 3/30: Response Error 429, retrying...

Retry 4/30: Response Error 429, retrying...

Retry 5/30: Response Error 429, retrying...

Retry 6/30: Response Error 429, retrying...

Retry 7/30: Response Error 429, retrying...

Retry 8/30: Response Error 429, retrying...

Retry 9/30: Response Error 429, retrying...

Retry 10/30: Response Error 429, retrying...

Retry 11/30: Response Error 429, retrying...

Retry 12/30: Response Error 429, retrying...

Retry 13/30: Response Error 429, retrying...

Retry 14/30: Response Error 429, retrying...

Retry 15/30: Response Error 429, retrying...

Retry 16/30: Response Error 429, retrying...

Retry 17/30: Response Error 429, retrying...

Retry 18/30: Response Error 429, retrying...

Retry 19/30: Response Error 429, retrying...

Retry 20/30: Response Error 429, retrying...

Retry 21/30: Response Error 429, retrying...

Retry 22/30: Response Error 429, retrying...

Retry 23/30: Response Error 429, retrying...

Retry 24/30: Response Error 429, retrying...
Limit of 30 calls/min reached, waiting for 65s...
Metadata for pool BLOCK / SOL (DpRTn6DsBMVMkW2s9DaT4EGHBFSXx6vs7gVpw7niFJLY) is NOT UP to date.
Last update: 2026-02-05 01:00:02
Updating daily metadata for pool BLOCK / SOL (DpRTn6DsBMVMkW2s9DaT4EGHBFSXx6vs7gVpw7niFJLY)

Retry 1/30: Response Error 429, retrying...

Retry 2/30: Response Error 429, retrying...

Retry 3/30: Response Error 429, retrying...

Retry 4/30: Response Error 429, retrying...

Retry 5/30: Response Error 429, retrying...

Retry 6/30: Response Error 429, retrying...

Retry 7/30: Response Error 429, retrying...

Retry 8/30: Response Error 429, retrying...

Retry 9/30: Response Error 429, retrying...

Retry 10/30: Response Error 429, retrying...

Retry 11/30: Response Error 429, retrying...

Retry 12/30: Response Error 429, retrying...

Retry 13/30: Response Error 429, retrying...

Retry 14/30: Response Error 429, retrying...

Retry 15/30: Response Error 429, retrying...

Retry 16/30: Response Error 429, retrying...

Retry 17/30: Response Error 429, retrying...

Retry 18/30: Response Error 429, retrying...

Retry 19/30: Response Error 429, retrying...

Retry 20/30: Response Error 429, retrying...

Retry 21/30: Response Error 429, retrying...

Retry 22/30: Response Error 429, retrying...

Retry 23/30: Response Error 429, retrying...

Retry 24/30: Response Error 429, retrying...

Retry 25/30: Response Error 429, retrying...

Retry 26/30: Response Error 429, retrying...
Limit of 30 calls/min reached, waiting for 65s...
Metadata for pool BORG / SOL (KLkoFSdCpC523EmmGyJxmLv1A3itv8ZNiMZwjPmFXuk) is NOT UP to date.
Last update: 2026-02-05 01:00:02
Updating daily metadata for pool BORG / SOL (KLkoFSdCpC523EmmGyJxmLv1A3itv8ZNiMZwjPmFXuk)

Retry 1/30: Response Error 429, retrying...

Retry 2/30: Response Error 429, retrying...

Retry 3/30: Response Error 429, retrying...

Retry 4/30: Response Error 429, retrying...

Retry 5/30: Response Error 429, retrying...

Retry 6/30: Response Error 429, retrying...

Retry 7/30: Response Error 429, retrying...

Retry 8/30: Response Error 429, retrying...

Retry 9/30: Response Error 429, retrying...

Retry 10/30: Response Error 429, retrying...

Retry 11/30: Response Error 429, retrying...

Retry 12/30: Response Error 429, retrying...

Retry 13/30: Response Error 429, retrying...

Retry 14/30: Response Error 429, retrying...

Retry 15/30: Response Error 429, retrying...

Retry 16/30: Response Error 429, retrying...

Retry 17/30: Response Error 429, retrying...

Retry 18/30: Response Error 429, retrying...

Retry 19/30: Response Error 429, retrying...

Retry 20/30: Response Error 429, retrying...

Retry 1/30: Response Error 429, retrying...

Retry 2/30: Response Error 429, retrying...

Retry 3/30: Response Error 429, retrying...

Retry 4/30: Response Error 429, retrying...

Retry 5/30: Response Error 429, retrying...
Limit of 30 calls/min reached, waiting for 65s...
Metadata for pool BORG / VCHF (6CyKgv8gGshFiDhabk81Zo6ApHesf9URZ15bNGs3cYbZ) is NOT UP to date.
Last update: 2026-02-05 01:00:02
Updating daily metadata for pool BORG / VCHF (6CyKgv8gGshFiDhabk81Zo6ApHesf9URZ15bNGs3cYbZ)
Metadata for pool Bonk / $WIF (56Ekyu6uBpTna3LR2qkjHjNbDNkCLWK2Lt3uWh7J2R8Z) is NOT UP to date.
Last update: 2026-02-05 01:00:02
Updating daily metadata for pool Bonk / $WIF (56Ekyu6uBpTna3LR2qkjHjNbDNkCLWK2Lt3uWh7J2R8Z)

Retry 1/30: Response Error 429, retrying...

Retry 2/30: Response Error 429, retrying...

Retry 3/30: Response Error 429, retrying...

Retry 4/30: Response Error 429, retrying...

Retry 5/30: Response Error 429, retrying...

Retry 6/30: Response Error 429, retrying...

Retry 7/30: Response Error 429, retrying...

Retry 8/30: Response Error 429, retrying...

Retry 9/30: Response Error 429, retrying...

Retry 10/30: Response Error 429, retrying...

Retry 11/30: Response Error 429, retrying...

Retry 12/30: Response Error 429, retrying...

Retry 13/30: Response Error 429, retrying...

Retry 14/30: Response Error 429, retrying...

Retry 15/30: Response Error 429, retrying...

Retry 16/30: Response Error 429, retrying...

Retry 17/30: Response Error 429, retrying...

Retry 18/30: Response Error 429, retrying...

Retry 19/30: Response Error 429, retrying...

Retry 20/30: Response Error 429, retrying...

Retry 21/30: Response Error 429, retrying...

Retry 22/30: Response Error 429, retrying...

Retry 23/30: Response Error 429, retrying...

Retry 24/30: Response Error 429, retrying...
Limit of 30 calls/min reached, waiting for 65s...
Metadata for pool Bonk / SOL (5zpyutJu9ee6jFymDGoK7F6S5Kczqtc9FomP3ueKuyA9) is NOT UP to date.
Last update: 2026-02-05 01:00:02
Updating daily metadata for pool Bonk / SOL (5zpyutJu9ee6jFymDGoK7F6S5Kczqtc9FomP3ueKuyA9)

Retry 1/30: Response Error 429, retrying...

Retry 2/30: Response Error 429, retrying...

Retry 3/30: Response Error 429, retrying...

Retry 4/30: Response Error 429, retrying...

Retry 5/30: Response Error 429, retrying...

Retry 6/30: Response Error 429, retrying...

Retry 7/30: Response Error 429, retrying...

Retry 8/30: Response Error 429, retrying...

Retry 9/30: Response Error 429, retrying...

Retry 10/30: Response Error 429, retrying...

Retry 11/30: Response Error 429, retrying...

Retry 12/30: Response Error 429, retrying...

Retry 13/30: Response Error 429, retrying...

Retry 14/30: Response Error 429, retrying...

Retry 15/30: Response Error 429, retrying...

Retry 16/30: Response Error 429, retrying...

Retry 17/30: Response Error 429, retrying...

Retry 18/30: Response Error 429, retrying...

Retry 19/30: Response Error 429, retrying...

Retry 20/30: Response Error 429, retrying...

Retry 21/30: Response Error 429, retrying...

Retry 22/30: Response Error 429, retrying...

Retry 23/30: Response Error 429, retrying...

Retry 24/30: Response Error 429, retrying...

Retry 25/30: Response Error 429, retrying...
Limit of 30 calls/min reached, waiting for 65s...
Metadata for pool Bonk / SOL (3ne4mWqdYuNiYrYZC9TrA3FcfuFdErghH97vNPbjicr1) is NOT UP to date.
Last update: 2026-02-05 01:00:02
Updating daily metadata for pool Bonk / SOL (3ne4mWqdYuNiYrYZC9TrA3FcfuFdErghH97vNPbjicr1)

Retry 1/30: Response Error 429, retrying...

Retry 2/30: Response Error 429, retrying...

Retry 3/30: Response Error 429, retrying...

Retry 4/30: Response Error 429, retrying...

Retry 5/30: Response Error 429, retrying...

Retry 6/30: Response Error 429, retrying...

Retry 7/30: Response Error 429, retrying...

Retry 8/30: Response Error 429, retrying...

Retry 9/30: Response Error 429, retrying...

Retry 10/30: Response Error 429, retrying...

Retry 11/30: Response Error 429, retrying...

Retry 12/30: Response Error 429, retrying...

Retry 13/30: Response Error 429, retrying...

Retry 14/30: Response Error 429, retrying...

Retry 15/30: Response Error 429, retrying...

Retry 16/30: Response Error 429, retrying...

Retry 17/30: Response Error 429, retrying...

Retry 18/30: Response Error 429, retrying...

Retry 19/30: Response Error 429, retrying...

Retry 20/30: Response Error 429, retrying...

Retry 21/30: Response Error 429, retrying...

Retry 22/30: Response Error 429, retrying...

Retry 23/30: Response Error 429, retrying...

Retry 24/30: Response Error 429, retrying...

Retry 25/30: Response Error 429, retrying...

Retry 26/30: Response Error 429, retrying...
Limit of 30 calls/min reached, waiting for 65s...
Metadata for pool Bonk / SOL (5r2SKyVDAmaj8HJak4qRS2oLCn2caf3jmrJi8ikRKj6s) is NOT UP to date.
Last update: 2026-02-05 01:00:02
Updating daily metadata for pool Bonk / SOL (5r2SKyVDAmaj8HJak4qRS2oLCn2caf3jmrJi8ikRKj6s)

Retry 1/30: Response Error 429, retrying...

Retry 2/30: Response Error 429, retrying...

Retry 3/30: Response Error 429, retrying...

Retry 4/30: Response Error 429, retrying...

Retry 5/30: Response Error 429, retrying...

Retry 6/30: Response Error 429, retrying...
Metadata for pool Bonk / SOL (4VG8VFNo3EXiTA75mhh48qv55S6m3VA2uTQCzEt8kczb) is NOT UP to date.
Last update: 2026-02-05 01:00:02
Updating daily metadata for pool Bonk / SOL (4VG8VFNo3EXiTA75mhh48qv55S6m3VA2uTQCzEt8kczb)

Retry 1/30: Response Error 429, retrying...

Retry 2/30: Response Error 429, retrying...

Retry 3/30: Response Error 429, retrying...

Retry 4/30: Response Error 429, retrying...

Retry 5/30: Response Error 429, retrying...

Retry 6/30: Response Error 429, retrying...

Retry 7/30: Response Error 429, retrying...

Retry 8/30: Response Error 429, retrying...

Retry 9/30: Response Error 429, retrying...

Retry 10/30: Response Error 429, retrying...

Retry 11/30: Response Error 429, retrying...

Retry 12/30: Response Error 429, retrying...

Retry 13/30: Response Error 429, retrying...

Retry 14/30: Response Error 429, retrying...

Retry 15/30: Response Error 429, retrying...

Retry 16/30: Response Error 429, retrying...

Retry 17/30: Response Error 429, retrying...

Retry 18/30: Response Error 429, retrying...
Limit of 30 calls/min reached, waiting for 65s...
Metadata for pool Bonk / USDC (8QaXeHBrShJTdtN1rWCccBxpSVvKksQ2PCu5nufb2zbk) is NOT UP to date.
Last update: 2026-02-05 01:00:02
Updating daily metadata for pool Bonk / USDC (8QaXeHBrShJTdtN1rWCccBxpSVvKksQ2PCu5nufb2zbk)

Retry 1/30: Response Error 429, retrying...

Retry 2/30: Response Error 429, retrying...

Retry 3/30: Response Error 429, retrying...

Retry 4/30: Response Error 429, retrying...

Retry 5/30: Response Error 429, retrying...

Retry 6/30: Response Error 429, retrying...

Retry 7/30: Response Error 429, retrying...

Retry 8/30: Response Error 429, retrying...

Retry 9/30: Response Error 429, retrying...

Retry 10/30: Response Error 429, retrying...

Retry 11/30: Response Error 429, retrying...

Retry 12/30: Response Error 429, retrying...

Retry 13/30: Response Error 429, retrying...

Retry 14/30: Response Error 429, retrying...

Retry 15/30: Response Error 429, retrying...

Retry 16/30: Response Error 429, retrying...

Retry 17/30: Response Error 429, retrying...

Retry 18/30: Response Error 429, retrying...

Retry 19/30: Response Error 429, retrying...

Retry 20/30: Response Error 429, retrying...

Retry 21/30: Response Error 429, retrying...

Retry 22/30: Response Error 429, retrying...

Retry 23/30: Response Error 429, retrying...

Retry 24/30: Response Error 429, retrying...

Retry 25/30: Response Error 429, retrying...
Limit of 30 calls/min reached, waiting for 65s...
Metadata for pool CHEEMS / SOL (2c1cu1aGiw6kNn7Dwz76QjAgwyDkP7YWHv8izZge4JwE) is NOT UP to date.
Last update: 2026-02-05 01:00:02
Updating daily metadata for pool CHEEMS / SOL (2c1cu1aGiw6kNn7Dwz76QjAgwyDkP7YWHv8izZge4JwE)

Retry 1/30: Response Error 429, retrying...

Retry 2/30: Response Error 429, retrying...

Retry 3/30: Response Error 429, retrying...

Retry 4/30: Response Error 429, retrying...

Retry 5/30: Response Error 429, retrying...

Retry 6/30: Response Error 429, retrying...

Retry 7/30: Response Error 429, retrying...

Retry 8/30: Response Error 429, retrying...

Retry 9/30: Response Error 429, retrying...

Retry 10/30: Response Error 429, retrying...

Retry 11/30: Response Error 429, retrying...

Retry 12/30: Response Error 429, retrying...

Retry 13/30: Response Error 429, retrying...

Retry 14/30: Response Error 429, retrying...

Retry 15/30: Response Error 429, retrying...

Retry 16/30: Response Error 429, retrying...

Retry 17/30: Response Error 429, retrying...

Retry 18/30: Response Error 429, retrying...

Retry 19/30: Response Error 429, retrying...

Retry 20/30: Response Error 429, retrying...

Retry 21/30: Response Error 429, retrying...

Retry 22/30: Response Error 429, retrying...

Retry 23/30: Response Error 429, retrying...

Retry 24/30: Response Error 429, retrying...

Retry 25/30: Response Error 429, retrying...

Retry 26/30: Response Error 429, retrying...
Limit of 30 calls/min reached, waiting for 65s...
Metadata for pool CROWN / SOL (GgvEV7WiEM9t7xobkBUw54x5XSXZH9mZ1vf43hCmrVyX) is NOT UP to date.
Last update: 2026-02-05 01:00:02
Updating daily metadata for pool CROWN / SOL (GgvEV7WiEM9t7xobkBUw54x5XSXZH9mZ1vf43hCmrVyX)

Retry 1/30: Response Error 429, retrying...

Retry 2/30: Response Error 429, retrying...

Retry 3/30: Response Error 429, retrying...

Retry 4/30: Response Error 429, retrying...

Retry 5/30: Response Error 429, retrying...

Retry 6/30: Response Error 429, retrying...

Retry 7/30: Response Error 429, retrying...

Retry 8/30: Response Error 429, retrying...

Retry 9/30: Response Error 429, retrying...

Retry 10/30: Response Error 429, retrying...

Retry 1/30: Response Error 429, retrying...

Retry 2/30: Response Error 429, retrying...

Retry 3/30: Response Error 429, retrying...

Retry 4/30: Response Error 429, retrying...

Retry 5/30: Response Error 429, retrying...

Retry 6/30: Response Error 429, retrying...

Retry 7/30: Response Error 429, retrying...

Retry 8/30: Response Error 429, retrying...

Retry 9/30: Response Error 429, retrying...

Retry 10/30: Response Error 429, retrying...

Retry 11/30: Response Error 429, retrying...

Retry 12/30: Response Error 429, retrying...

Retry 13/30: Response Error 429, retrying...

Retry 14/30: Response Error 429, retrying...
Limit of 30 calls/min reached, waiting for 65s...
Metadata for pool Chud / SOL (33e6dhGgeCzQ7eUTVSaZhcHtVJrAH8wFEQ7X2rWvv9bG) is NOT UP to date.
Last update: 2026-02-05 01:00:02
Updating daily metadata for pool Chud / SOL (33e6dhGgeCzQ7eUTVSaZhcHtVJrAH8wFEQ7X2rWvv9bG)
Metadata for pool DRIFT / USDC (7psbtZGcKHuW2Jw7C9NoGb1GPxq5kS4NbjXfUPsUFsgX) is NOT UP to date.
Last update: 2026-02-05 01:00:02
Updating daily metadata for pool DRIFT / USDC (7psbtZGcKHuW2Jw7C9NoGb1GPxq5kS4NbjXfUPsUFsgX)

Retry 1/30: Response Error 429, retrying...

Retry 2/30: Response Error 429, retrying...

Retry 3/30: Response Error 429, retrying...

Retry 4/30: Response Error 429, retrying...

Retry 5/30: Response Error 429, retrying...

Retry 6/30: Response Error 429, retrying...

Retry 7/30: Response Error 429, retrying...

Retry 8/30: Response Error 429, retrying...

Retry 9/30: Response Error 429, retrying...

Retry 10/30: Response Error 429, retrying...

Retry 11/30: Response Error 429, retrying...

Retry 12/30: Response Error 429, retrying...

Retry 13/30: Response Error 429, retrying...

Retry 14/30: Response Error 429, retrying...

Retry 15/30: Response Error 429, retrying...

Retry 16/30: Response Error 429, retrying...

Retry 17/30: Response Error 429, retrying...

Retry 18/30: Response Error 429, retrying...

Retry 19/30: Response Error 429, retrying...

Retry 20/30: Response Error 429, retrying...

Retry 21/30: Response Error 429, retrying...

Retry 22/30: Response Error 429, retrying...

Retry 23/30: Response Error 429, retrying...

Retry 24/30: Response Error 429, retrying...

Retry 25/30: Response Error 429, retrying...
Limit of 30 calls/min reached, waiting for 65s...

Retry 1/30: Response Error 429, retrying...

Retry 2/30: Response Error 429, retrying...

Retry 3/30: Response Error 429, retrying...

Retry 4/30: Response Error 429, retrying...

Retry 5/30: Response Error 429, retrying...

Retry 6/30: Response Error 429, retrying...

Retry 7/30: Response Error 429, retrying...
Metadata for pool DROID / SOL (5fD53Jsxd6XovQu32YPUbWY9aPvt7Fo1pUDRrkcJ4F2K) is NOT UP to date.
Last update: 2026-02-05 01:00:02
Updating daily metadata for pool DROID / SOL (5fD53Jsxd6XovQu32YPUbWY9aPvt7Fo1pUDRrkcJ4F2K)

Retry 1/30: Response Error 429, retrying...

Retry 2/30: Response Error 429, retrying...

Retry 3/30: Response Error 429, retrying...

Retry 4/30: Response Error 429, retrying...

Retry 5/30: Response Error 429, retrying...

Retry 6/30: Response Error 429, retrying...

Retry 7/30: Response Error 429, retrying...

Retry 8/30: Response Error 429, retrying...

Retry 9/30: Response Error 429, retrying...

Retry 10/30: Response Error 429, retrying...

Retry 11/30: Response Error 429, retrying...

Retry 12/30: Response Error 429, retrying...

Retry 13/30: Response Error 429, retrying...

Retry 14/30: Response Error 429, retrying...

Retry 15/30: Response Error 429, retrying...

Retry 16/30: Response Error 429, retrying...

Retry 17/30: Response Error 429, retrying...

Retry 18/30: Response Error 429, retrying...

Retry 19/30: Response Error 429, retrying...
Limit of 30 calls/min reached, waiting for 65s...
Metadata for pool DUKO / SOL (3EQArUpQ9dAbMawfJvPX3JmqWnyc4opiqyjKHbMd2V7L) is NOT UP to date.
Last update: 2026-02-05 01:00:02
Updating daily metadata for pool DUKO / SOL (3EQArUpQ9dAbMawfJvPX3JmqWnyc4opiqyjKHbMd2V7L)

Retry 1/30: Response Error 429, retrying...

Retry 2/30: Response Error 429, retrying...

Retry 3/30: Response Error 429, retrying...

Retry 4/30: Response Error 429, retrying...

Retry 5/30: Response Error 429, retrying...

Retry 6/30: Response Error 429, retrying...

Retry 7/30: Response Error 429, retrying...

Retry 8/30: Response Error 429, retrying...

Retry 9/30: Response Error 429, retrying...

Retry 10/30: Response Error 429, retrying...

Retry 11/30: Response Error 429, retrying...

Retry 12/30: Response Error 429, retrying...

Retry 13/30: Response Error 429, retrying...

Retry 14/30: Response Error 429, retrying...

Retry 15/30: Response Error 429, retrying...

Retry 16/30: Response Error 429, retrying...

Retry 17/30: Response Error 429, retrying...

Retry 1/30: Response Error 429, retrying...

Retry 2/30: Response Error 429, retrying...

Retry 3/30: Response Error 429, retrying...

Retry 4/30: Response Error 429, retrying...

Retry 5/30: Response Error 429, retrying...

Retry 6/30: Response Error 429, retrying...

Retry 7/30: Response Error 429, retrying...
Limit of 30 calls/min reached, waiting for 65s...
Metadata for pool FIDA / SOL (A73SMfz2Skp4PkQpDd1UrMiwaseazk5wKKAWKf96Dcys) is NOT UP to date.
Last update: 2026-02-05 01:00:02
Updating daily metadata for pool FIDA / SOL (A73SMfz2Skp4PkQpDd1UrMiwaseazk5wKKAWKf96Dcys)

Retry 1/30: Response Error 429, retrying...

Retry 2/30: Response Error 429, retrying...

Retry 3/30: Response Error 429, retrying...

Retry 4/30: Response Error 429, retrying...

Retry 5/30: Response Error 429, retrying...

Retry 6/30: Response Error 429, retrying...

Retry 7/30: Response Error 429, retrying...

Retry 8/30: Response Error 429, retrying...

Retry 9/30: Response Error 429, retrying...

Retry 10/30: Response Error 429, retrying...

Retry 11/30: Response Error 429, retrying...

Retry 12/30: Response Error 429, retrying...

Retry 13/30: Response Error 429, retrying...

Retry 14/30: Response Error 429, retrying...

Retry 15/30: Response Error 429, retrying...

Retry 16/30: Response Error 429, retrying...

Retry 17/30: Response Error 429, retrying...

Retry 18/30: Response Error 429, retrying...

Retry 19/30: Response Error 429, retrying...

Retry 20/30: Response Error 429, retrying...

Retry 21/30: Response Error 429, retrying...

Retry 22/30: Response Error 429, retrying...

Retry 23/30: Response Error 429, retrying...

Retry 24/30: Response Error 429, retrying...

Retry 25/30: Response Error 429, retrying...
Limit of 30 calls/min reached, waiting for 65s...
Metadata for pool GMT / SOL (EngvuHZ7JobyTfkDzi5djqncCgmumrB4qLTacRefQon2) is NOT UP to date.
Last update: 2026-02-05 01:00:02
Updating daily metadata for pool GMT / SOL (EngvuHZ7JobyTfkDzi5djqncCgmumrB4qLTacRefQon2)

Retry 1/30: Response Error 429, retrying...

Retry 2/30: Response Error 429, retrying...

Retry 3/30: Response Error 429, retrying...

Retry 4/30: Response Error 429, retrying...

Retry 5/30: Response Error 429, retrying...

Retry 6/30: Response Error 429, retrying...

Retry 7/30: Response Error 429, retrying...

Retry 8/30: Response Error 429, retrying...

Retry 9/30: Response Error 429, retrying...

Retry 10/30: Response Error 429, retrying...

Retry 11/30: Response Error 429, retrying...

Retry 12/30: Response Error 429, retrying...

Retry 13/30: Response Error 429, retrying...

Retry 1/30: Response Error 429, retrying...

Retry 2/30: Response Error 429, retrying...

Retry 3/30: Response Error 429, retrying...

Retry 4/30: Response Error 429, retrying...

Retry 5/30: Response Error 429, retrying...

Retry 6/30: Response Error 429, retrying...

Retry 7/30: Response Error 429, retrying...

Retry 8/30: Response Error 429, retrying...

Retry 9/30: Response Error 429, retrying...

Retry 10/30: Response Error 429, retrying...

Retry 11/30: Response Error 429, retrying...

Retry 12/30: Response Error 429, retrying...

Retry 13/30: Response Error 429, retrying...
Limit of 30 calls/min reached, waiting for 65s...
Metadata for pool GMT / USDC (7PNQ9rfSGCbCC3XTeL6CwwAzevqQGvKXeXMxP2TjS7rM) is NOT UP to date.
Last update: 2026-02-05 01:00:02
Updating daily metadata for pool GMT / USDC (7PNQ9rfSGCbCC3XTeL6CwwAzevqQGvKXeXMxP2TjS7rM)
Metadata for pool GP / SOL (9E2AwC5SzfPy3otpmHHVwGNoM2b2SLrJ9M1T5inXrCPE) is NOT UP to date.
Last update: 2026-02-05 01:00:02
Updating daily metadata for pool GP / SOL (9E2AwC5SzfPy3otpmHHVwGNoM2b2SLrJ9M1T5inXrCPE)

Retry 1/30: Response Error 429, retrying...

Retry 2/30: Response Error 429, retrying...

Retry 3/30: Response Error 429, retrying...

Retry 4/30: Response Error 429, retrying...

Retry 5/30: Response Error 429, retrying...

Retry 6/30: Response Error 429, retrying...

Retry 7/30: Response Error 429, retrying...

Retry 8/30: Response Error 429, retrying...

Retry 9/30: Response Error 429, retrying...

Retry 10/30: Response Error 429, retrying...

Retry 11/30: Response Error 429, retrying...

Retry 12/30: Response Error 429, retrying...

Retry 13/30: Response Error 429, retrying...

Retry 14/30: Response Error 429, retrying...

Retry 15/30: Response Error 429, retrying...

Retry 16/30: Response Error 429, retrying...

Retry 17/30: Response Error 429, retrying...

Retry 18/30: Response Error 429, retrying...

Retry 19/30: Response Error 429, retrying...

Retry 20/30: Response Error 429, retrying...

Retry 21/30: Response Error 429, retrying...

Retry 1/30: Response Error 429, retrying...

Retry 2/30: Response Error 429, retrying...

Retry 3/30: Response Error 429, retrying...
Limit of 30 calls/min reached, waiting for 65s...
Metadata for pool GP / USDC (9vNKzrrHAjqjuTGLjCBo9Ai4edMYgP9dsG4tFZ2hF251) is NOT UP to date.
Last update: 2026-02-05 01:00:02
Updating daily metadata for pool GP / USDC (9vNKzrrHAjqjuTGLjCBo9Ai4edMYgP9dsG4tFZ2hF251)

Retry 1/30: Response Error 429, retrying...

Retry 2/30: Response Error 429, retrying...

Retry 3/30: Response Error 429, retrying...

Retry 4/30: Response Error 429, retrying...

Retry 5/30: Response Error 429, retrying...

Retry 6/30: Response Error 429, retrying...

Retry 7/30: Response Error 429, retrying...

Retry 8/30: Response Error 429, retrying...

Retry 9/30: Response Error 429, retrying...

Retry 10/30: Response Error 429, retrying...

Retry 11/30: Response Error 429, retrying...

Retry 12/30: Response Error 429, retrying...

Retry 13/30: Response Error 429, retrying...

Retry 14/30: Response Error 429, retrying...

Retry 15/30: Response Error 429, retrying...

Retry 16/30: Response Error 429, retrying...

Retry 17/30: Response Error 429, retrying...

Retry 18/30: Response Error 429, retrying...

Retry 19/30: Response Error 429, retrying...

Retry 20/30: Response Error 429, retrying...

Retry 21/30: Response Error 429, retrying...

Retry 22/30: Response Error 429, retrying...

Retry 23/30: Response Error 429, retrying...

Retry 24/30: Response Error 429, retrying...

Retry 25/30: Response Error 429, retrying...
Limit of 30 calls/min reached, waiting for 65s...
Metadata for pool HNT / MOBILE (45zpzzpZquaVv4BAdXfzNbuba7DAXV32d1sTrUh5wcnW) is NOT UP to date.
Last update: 2026-02-05 01:00:02
Updating daily metadata for pool HNT / MOBILE (45zpzzpZquaVv4BAdXfzNbuba7DAXV32d1sTrUh5wcnW)

Retry 1/30: Response Error 429, retrying...

Retry 2/30: Response Error 429, retrying...

Retry 3/30: Response Error 429, retrying...

Retry 4/30: Response Error 429, retrying...

Retry 5/30: Response Error 429, retrying...

Retry 6/30: Response Error 429, retrying...

Retry 7/30: Response Error 429, retrying...

Retry 8/30: Response Error 429, retrying...

Retry 9/30: Response Error 429, retrying...

Retry 10/30: Response Error 429, retrying...

Retry 11/30: Response Error 429, retrying...

Retry 12/30: Response Error 429, retrying...

Retry 13/30: Response Error 429, retrying...

Retry 14/30: Response Error 429, retrying...

Retry 15/30: Response Error 429, retrying...

Retry 16/30: Response Error 429, retrying...

Retry 17/30: Response Error 429, retrying...

Retry 18/30: Response Error 429, retrying...

Retry 19/30: Response Error 429, retrying...

Retry 20/30: Response Error 429, retrying...

Retry 21/30: Response Error 429, retrying...

Retry 1/30: Response Error 429, retrying...

Retry 2/30: Response Error 429, retrying...

Retry 3/30: Response Error 429, retrying...

Retry 4/30: Response Error 429, retrying...

Retry 5/30: Response Error 429, retrying...
Limit of 30 calls/min reached, waiting for 65s...
Metadata for pool HNT / SOL (5qrvgpvr55Eo7c5bBcwopdiQ6TpvceiRm42yjHTbtDvc) is NOT UP to date.
Last update: 2026-02-05 01:00:02
Updating daily metadata for pool HNT / SOL (5qrvgpvr55Eo7c5bBcwopdiQ6TpvceiRm42yjHTbtDvc)

Retry 1/30: Response Error 429, retrying...

Retry 2/30: Response Error 429, retrying...

Retry 3/30: Response Error 429, retrying...

Retry 4/30: Response Error 429, retrying...

Retry 5/30: Response Error 429, retrying...

Retry 6/30: Response Error 429, retrying...

Retry 7/30: Response Error 429, retrying...

Retry 8/30: Response Error 429, retrying...

Retry 9/30: Response Error 429, retrying...

Retry 10/30: Response Error 429, retrying...

Retry 11/30: Response Error 429, retrying...

Retry 12/30: Response Error 429, retrying...

Retry 13/30: Response Error 429, retrying...

Retry 14/30: Response Error 429, retrying...

Retry 15/30: Response Error 429, retrying...

Retry 16/30: Response Error 429, retrying...

Retry 17/30: Response Error 429, retrying...

Retry 18/30: Response Error 429, retrying...

Retry 19/30: Response Error 429, retrying...

Retry 20/30: Response Error 429, retrying...

Retry 21/30: Response Error 429, retrying...

Retry 22/30: Response Error 429, retrying...

Retry 23/30: Response Error 429, retrying...

Retry 24/30: Response Error 429, retrying...

Retry 25/30: Response Error 429, retrying...
Limit of 30 calls/min reached, waiting for 65s...
Metadata for pool HNT / SOL (CSP4RmB6kBHkKGkyTnzt9zYYXDA8SbZ5Do5WfZcjqjE4) is NOT UP to date.
Last update: 2026-02-05 01:00:02
Updating daily metadata for pool HNT / SOL (CSP4RmB6kBHkKGkyTnzt9zYYXDA8SbZ5Do5WfZcjqjE4)
Metadata for pool HNT / USDC (8JwS5zosnLFT84S1NebSp1HS6aeaxviXYS7jBh9PQ8vp) is NOT UP to date.
Last update: 2026-02-05 01:00:02
Updating daily metadata for pool HNT / USDC (8JwS5zosnLFT84S1NebSp1HS6aeaxviXYS7jBh9PQ8vp)

Retry 1/30: Response Error 429, retrying...

Retry 2/30: Response Error 429, retrying...

Retry 3/30: Response Error 429, retrying...

Retry 4/30: Response Error 429, retrying...

Retry 5/30: Response Error 429, retrying...

Retry 6/30: Response Error 429, retrying...

Retry 7/30: Response Error 429, retrying...

Retry 8/30: Response Error 429, retrying...

Retry 9/30: Response Error 429, retrying...

Retry 10/30: Response Error 429, retrying...

Retry 11/30: Response Error 429, retrying...

Retry 12/30: Response Error 429, retrying...

Retry 13/30: Response Error 429, retrying...

Retry 14/30: Response Error 429, retrying...

Retry 15/30: Response Error 429, retrying...

Retry 16/30: Response Error 429, retrying...

Retry 17/30: Response Error 429, retrying...

Retry 18/30: Response Error 429, retrying...

Retry 19/30: Response Error 429, retrying...

Retry 20/30: Response Error 429, retrying...

Retry 21/30: Response Error 429, retrying...

Retry 22/30: Response Error 429, retrying...

Retry 23/30: Response Error 429, retrying...

Retry 24/30: Response Error 429, retrying...

Retry 25/30: Response Error 429, retrying...
Limit of 30 calls/min reached, waiting for 65s...

Retry 1/30: Response Error 429, retrying...

Retry 2/30: Response Error 429, retrying...

Retry 3/30: Response Error 429, retrying...

Retry 4/30: Response Error 429, retrying...

Retry 5/30: Response Error 429, retrying...

Retry 6/30: Response Error 429, retrying...

Retry 7/30: Response Error 429, retrying...

Retry 8/30: Response Error 429, retrying...

Retry 9/30: Response Error 429, retrying...

Retry 10/30: Response Error 429, retrying...

Retry 11/30: Response Error 429, retrying...

Retry 12/30: Response Error 429, retrying...

Retry 13/30: Response Error 429, retrying...

Retry 14/30: Response Error 429, retrying...

Retry 15/30: Response Error 429, retrying...

Retry 16/30: Response Error 429, retrying...

Retry 17/30: Response Error 429, retrying...

Retry 18/30: Response Error 429, retrying...

Retry 19/30: Response Error 429, retrying...

Retry 20/30: Response Error 429, retrying...

Retry 21/30: Response Error 429, retrying...

Retry 22/30: Response Error 429, retrying...

Retry 23/30: Response Error 429, retrying...

Retry 24/30: Response Error 429, retrying...

Retry 25/30: Response Error 429, retrying...

Retry 26/30: Response Error 429, retrying...

Retry 27/30: Response Error 429, retrying...
Limit of 30 calls/min reached, waiting for 65s...
Metadata for pool HONEY / JitoSOL (Ex7Sz5zdutJqfxL3cgTCcg3BT7mK7TKEpJDdM9xGHaWg) is NOT UP to date.
Last update: 2026-02-05 01:00:02
Updating daily metadata for pool HONEY / JitoSOL (Ex7Sz5zdutJqfxL3cgTCcg3BT7mK7TKEpJDdM9xGHaWg)
Traceback (most recent call last):
  File "/home/wbug/projects/izpi/scripts/metadata_updater.py", line 138, in <module>
    pools_daily_update()
  File "/home/wbug/projects/izpi/scripts/metadata_updater.py", line 128, in pools_daily_update
    daily_update_pool_metadata(pool_info, utc_now, pools_tvl_info)
  File "/home/wbug/projects/izpi/scripts/metadata_updater.py", line 95, in daily_update_pool_metadata
    timestamp = hour_item["epoch"][0]
                ^^^^^^^^^
UnboundLocalError: cannot access local variable 'hour_item' where it is not associated with a value
[2026-02-06 01:39:46 UTC] Pushing changes to GitHub...
