[2025-09-01 14:20:18 UTC] Running metadata_scrapper.py...

------ POOLS CREATION - 2025-09-01 14:20:19------


Skipping Step A: Using existing top pools info.

Skipping Step B: Using existing dune query data.

Step C: Creating pools metadata for top pools in solana/orca...
Updating metadata for pool $WIF / SOL (D6NdKrKNQPmRZCCnG1GqXtF7MMoHB7qR6GU5TkG59Qz1)
Metadata for pool $WIF / SOL (D6NdKrKNQPmRZCCnG1GqXtF7MMoHB7qR6GU5TkG59Qz1) is already up to date.
Updating metadata for pool $WIF / SOL (CZrvf5cCAf7BoTqLkMEsT2czJobx4zfppHez2gaJwHaF)
Metadata for pool $WIF / SOL (CZrvf5cCAf7BoTqLkMEsT2czJobx4zfppHez2gaJwHaF) is already up to date.
Updating metadata for pool $WIF / SOL (4E6q7eJE6vBNdquqzYYi5gvzd5MNpwiQKhjbRTRQGuQd)
Metadata for pool $WIF / SOL (4E6q7eJE6vBNdquqzYYi5gvzd5MNpwiQKhjbRTRQGuQd) is already up to date.
Updating metadata for pool $WIF / SOL (A6cVoMU1Z7oRi9R774QarVxHUmHPQkxQfYVFGNQuAx2b)
Metadata for pool $WIF / SOL (A6cVoMU1Z7oRi9R774QarVxHUmHPQkxQfYVFGNQuAx2b) is already up to date.
Updating metadata for pool $WIF / USDC (CN8M75cH57DuZNzW5wSUpTXtMrSfXBFScJoQxVCgAXes)
Metadata for pool $WIF / USDC (CN8M75cH57DuZNzW5wSUpTXtMrSfXBFScJoQxVCgAXes) is already up to date.
Updating metadata for pool $michi / SOL (CATK9eqtn8Qwv95JF6JS4xdC4AYRFqPiuswG7fwsnVN1)
Metadata for pool $michi / SOL (CATK9eqtn8Qwv95JF6JS4xdC4AYRFqPiuswG7fwsnVN1) is already up to date.
Updating metadata for pool -/+ / SOL (7PRRUiYzmK81hJzbbDFNpCR3aQbZCmtwTyaoPYndCoq6)
Metadata for pool -/+ / SOL (7PRRUiYzmK81hJzbbDFNpCR3aQbZCmtwTyaoPYndCoq6) is already up to date.
Updating metadata for pool ACS / SOL (Go1hKVCy6mJA5usvHNV74KjkexXG2AUporDMeda5icmb)
Metadata for pool ACS / SOL (Go1hKVCy6mJA5usvHNV74KjkexXG2AUporDMeda5icmb) is already up to date.
Updating metadata for pool ACS / USDC (DQbUWSZoLpuHmdyqnJzpctPBkoKdJhMZdE1cJoWk2pnt)
Metadata for pool ACS / USDC (DQbUWSZoLpuHmdyqnJzpctPBkoKdJhMZdE1cJoWk2pnt) is already up to date.
TVL history not available for pool: AOL / SOL (2PYJAK9YVgUqPgrRNJhrYCTKG84mef151rqDANQRe5C1)
TVL history not available for pool: ASSDAQ / USDC (7sygThTveHyRNBqeeJUpLVuF7z3SrVVrQqfg8Ja1vqzH)
TVL history not available for pool: ATLAS / USDC (3V5sjXj1mrWjjB1Xt6Xwp554QwHE5fppGSxbk4GzAtEW)
Updating metadata for pool AUDIO / USDC (CZqbzVsVQQtBy1X15gHxipWFnC3Hkar62LJ49XuSK7ec)
Data not available for input timestamp
Data not available for input timestamp
TVL history not available for pool: AUSD / USDC (D3LWymVUGhgKKJ33vKq8oHUaGwSuJPTPjnke9QHEXNqz)
TVL history not available for pool: AVA / SOL (DHbRATqAqsQWZfw1sqTb57NqCDnUWR9FtrXMWixBr33R)
Updating metadata for pool AVAX / USDC (CeGZNd2ap2ke8JreVqDXikSrxhnSERh9G8WAt4yqMcBs)
Data not available for input timestamp
Data not available for input timestamp
TVL history not available for pool: AVO / SOL (DoHo8sYbKeThpwj1XwUj8fv8bPk5QoNJZ7uaDUdoURfE)
TVL history not available for pool: Anon / SOL (ABaJR6hgtYEfeUd6CCPYADGkStzsK4UiHw3nxzw4EMNc)
TVL history not available for pool: BARKcoin / SOL (DLgjvrYqdihixBm2za9SppTPGLHR2BgVeJP7fCHFn6af)
TVL history not available for pool: BATCAT / SOL (DDCq7gGvmRjbVydYc8RkaZS4jszDUCtpanU5nFpLv8aM)
Updating metadata for pool BLOCK / SOL (DpRTn6DsBMVMkW2s9DaT4EGHBFSXx6vs7gVpw7niFJLY)
Limit of 30 calls/min reached, waiting for 65s...
TVL history not available for pool: BNKK / SOL (3cyZS9JkJUzMLYotpJKcTJRfktgn13GYo7CTicNKTBzw)
TVL history not available for pool: BNSOL / SOL (HyuM5oSoNcAeh5zPTkq2R5TnfaALChwqRH9ZabJ775Jn)
TVL history not available for pool: BOOP / USDC (62xUy3X5qeFzE36tbvnAod8wDf7MT6CJmjnVkNeZQpKV)
Updating metadata for pool BORG / SOL (KLkoFSdCpC523EmmGyJxmLv1A3itv8ZNiMZwjPmFXuk)
TVL history not available for pool: BORG / USDC (Ab5pqdTEw1McsizEaQfLEyMLhkfxwzrpyqFASpftQcpq)
Creating metadata for pool BORG / VCHF (6CyKgv8gGshFiDhabk81Zo6ApHesf9URZ15bNGs3cYbZ)
Data not available for input timestamp
Data not available for input timestamp
TVL history not available for pool: BOSS / SOL (3g9CnpM4w6T8fdh9J2eRKpoDdeoYgoxN7saEMrg9jyWH)
TVL history not available for pool: BPEP / SOL (F4nZpLAYbzyHx9aZtTPUm5CzJR2DgPzp8A6jg7LMapMU)
TVL history not available for pool: BTCL / SOL (7s11gszqvAiNFT4DNibZTrzRzcegtfwL8212AfscuhV4)
TVL history not available for pool: BTH / SOL (3RFA6Km2EVV2rTAEvQEUKYZyhbREa7cBLkFr9ATvyQmT)
TVL history not available for pool: BUZZ / SOL (A3LgUSDE9cHDDLtk474E79nhUYW3wcsPFV1FSrrtkYmM)
TVL history not available for pool: BlueChip / SOL (f5J4mEGBrrcfykvTzFQb7jNGa4W6XDneTzYvKuzzWp4)
Updating metadata for pool Bonk / $WIF (56Ekyu6uBpTna3LR2qkjHjNbDNkCLWK2Lt3uWh7J2R8Z)
Limit of 30 calls/min reached, waiting for 65s...
Updating metadata for pool Bonk / SOL (5zpyutJu9ee6jFymDGoK7F6S5Kczqtc9FomP3ueKuyA9)
Updating metadata for pool Bonk / SOL (3ne4mWqdYuNiYrYZC9TrA3FcfuFdErghH97vNPbjicr1)
Limit of 30 calls/min reached, waiting for 65s...
Updating metadata for pool Bonk / SOL (5r2SKyVDAmaj8HJak4qRS2oLCn2caf3jmrJi8ikRKj6s)
Data not available for input timestamp
Data not available for input timestamp
Updating metadata for pool Bonk / SOL (4VG8VFNo3EXiTA75mhh48qv55S6m3VA2uTQCzEt8kczb)
Data not available for input timestamp
Data not available for input timestamp
Updating metadata for pool Bonk / USDC (8QaXeHBrShJTdtN1rWCccBxpSVvKksQ2PCu5nufb2zbk)
Limit of 30 calls/min reached, waiting for 65s...
TVL history not available for pool: Bonk / USDC (AEaxfAQ2Mn4r7S18niKTz7DMUDf8PKFySjwCnpfEjdse)
TVL history not available for pool: CATBAT / SOL (9Gmgu5k857Kq9eb1YCfC3G6RfPPTyPR4RDD2zMe9C3WA)
Updating metadata for pool CHEEMS / SOL (2c1cu1aGiw6kNn7Dwz76QjAgwyDkP7YWHv8izZge4JwE)
Data not available for input timestamp
Data not available for input timestamp
TVL history not available for pool: CHILLGUY / SOL (4Eq688gAJRJiRzhFR4tKpVyRhknDvC8UkqsLmfsEzFFX)
TVL history not available for pool: COM / SOL (AW2BFjXJPi6hyc1Sm7gdkbckPdNUE7Tzzvj2kp9j1emr)
Updating metadata for pool CROWN / SOL (GgvEV7WiEM9t7xobkBUw54x5XSXZH9mZ1vf43hCmrVyX)
Limit of 30 calls/min reached, waiting for 65s...
TVL history not available for pool: CRT / USDC (2DY2irTz5JP1EhiGbjtZM6GDUGkUHQsx5f2MnQmBFfCg)
TVL history not available for pool: CRT / USDC (GKmo9kyo22wDpFEiaYR4Ayji2HQdxGDwqsKEuw1JS4UY)
Updating metadata for pool Chud / SOL (33e6dhGgeCzQ7eUTVSaZhcHtVJrAH8wFEQ7X2rWvv9bG)
Data not available for input timestamp
Data not available for input timestamp
TVL history not available for pool: DAGZ / SOL (D9P97Lf7azLUWyoboLHdyV11yLSqH8vpyej9Y5A7CYbr)
TVL history not available for pool: DALPY / SOL (Et78t1aGePFmiicfBN4gCSc3pbrY6k1D1vYcZXeep2Y3)
TVL history not available for pool: DARK / SOL (2Ar1dW43BL8rvcwAhKYEyEk2AUUYXw9czxUcjjboQkTk)
TVL history not available for pool: DEBT / SOL (FBuim7LbaALJBt26ovKgV5ErKPhCMtApnzcfcgLEPTyj)
TVL history not available for pool: DEEP / SOL (DxJNpmmHKKpussNKdCqU6QxNM4aeYChGvg99hYU4WnB9)
TVL history not available for pool: DEEP / SOL (Bb7JmGUu2ZscMa6gqXEVJgL14fgZmiFLbbSHfD54NPKj)
TVL history not available for pool: DJI6930 / SOL (Aot2CBgqmq7CBUD33cmTC3os3mrXrUsoogzPQp4jZUbJ)
TVL history not available for pool: DJI6930 / SOL (6QVUHqe4kfmXdD1zu5DPjbnjrhbg8PNZUkk3pmCGXYKx)
TVL history not available for pool: DJI6930 / SOL (3AmT7dzdnCKG8V47bvVfTMGfyaYvAn13GxjTxPSNDgyQ)
TVL history not available for pool: DOOD / SOL (6tdg8xdnGWXYW5FHV88kqeTG28NY6qhUAKEJ1NABVuRr)
TVL history not available for pool: DOOD / SOL (ZSwYf4YGm1L2JKWVS8KjHo1B6tUC9ZSsS16CTQvLDpw)
TVL history not available for pool: DOOD / USDC (FMk3g52a6wwFVV8iPwgXXDpwyT1cAGwrmfAgRcsjeWBj)
TVL history not available for pool: DRIFT / JitoSOL (7u3wk63dbFfN6WUdxpJ6SDNMwDixK1ti2J3Q21ws5Vxs)
Updating metadata for pool DRIFT / USDC (7psbtZGcKHuW2Jw7C9NoGb1GPxq5kS4NbjXfUPsUFsgX)
Updating metadata for pool DROID / SOL (5fD53Jsxd6XovQu32YPUbWY9aPvt7Fo1pUDRrkcJ4F2K)
Limit of 30 calls/min reached, waiting for 65s...
Updating metadata for pool DUKO / SOL (3EQArUpQ9dAbMawfJvPX3JmqWnyc4opiqyjKHbMd2V7L)
Data not available for input timestamp
Data not available for input timestamp
TVL history not available for pool: DUSD / SOL (EzxTuU8WDuoLSDzk12GsfUf6LUxnsJe3eySbYUFj4NZy)
TVL history not available for pool: Duo / SOL (2j6NkBFB79qUR8mP4Jb2FJMAde8fW2BpTMPerhY59j9h)
TVL history not available for pool: EDWIN / SOL (5h3arYHPCnTv2jtGvCV1RuVFCDEP6r96kuKA7WpHZbxi)
TVL history not available for pool: EMULITES / SOL (tnLH1Nzf7M6wJMg9B38QRiiUM2CW47YkfsHTZf4T8Ug)
TVL history not available for pool: ES / SOL (CQDSLNo6Tu51gNBTh4kt2ZhytZJ4TM7bAbMrq4B6xw6q)
TVL history not available for pool: EURC / SOL (EbvHdZkL8n5R9qQipCzPzYybWXQZATMnyfSkqJHXw9gU)
TVL history not available for pool: EURC / USDC (ArisQNcbjXPJD7RgPRvysatX3xcfHPTbcTkfD8kDoZ9i)
TVL history not available for pool: Eagle / SOL (7Ph6Lac5vaHGAVunvpM6HgenivVZ1jhMq3bUcYPBXZxG)
TVL history not available for pool: FARTLESS / SOL (EkccH4JZrMoW3iWcPHKFgoLQBVVBqWdJkM97FgVWTrCA)
TVL history not available for pool: FDUSD / USDT (68soqftZg4HL1Dcis5hMgkLKU9qyC8qbn5JzLhrxhgi9)
TVL history not available for pool: FEPE / SOL (GKPLR7otiAMurQ9NsEkZnenDD35uju4RU3FMmcF5FXaF)
Updating metadata for pool FIDA / SOL (A73SMfz2Skp4PkQpDd1UrMiwaseazk5wKKAWKf96Dcys)
TVL history not available for pool: FIDA / USDC (9N6C4WCxWKk9f7URFFTpZmBQSH78vEkpy1rCC9ZTGiD)
TVL history not available for pool: Fartcoin / $WIF (Dxsg2Aq9GSQEHHFJFgZrgwD614uxJn4wusq1dDmUUvXS)
TVL history not available for pool: Fartcoin / Bonk (Df4MaJJYMwEJLqYB2wUZDiuhcpDGCRXimmfcwFVmNwNF)
TVL history not available for pool: Fartcoin / SOL (C9U2Ksk6KKWvLEeo5yUQ7Xu46X7NzeBJtd9PBfuXaUSM)
TVL history not available for pool: Fartcoin / SOL (DZH9RqkyqeDvYzK6Sfe1RZyeiJ3BTyp7s6jm8tkKniPK)
TVL history not available for pool: Fartcoin / SOL (Tuy6gMupGQN7wCZ8rVP1EuLRYB132VSo9Smy4AJvQgn)
TVL history not available for pool: Fartcoin / SPX (DckReWbgjbn94yCRM6fmcCBV7J4X7P3npzJmhCQm2noX)
TVL history not available for pool: Fartcoin / USDC (8wXA3oeY8EUpmHu2yqzr6k2WJEodTFLuKqTmoQJtM6wP)
TVL history not available for pool: Fartcoin / USDC (J5jzvT22u1Mt6de4gkBhEsTSTjBfYS7A6aF5jzu9ihkC)
TVL history not available for pool: Fartcoin / USDC (HMZozbw3hH12xNdXahjYPcYLrifeaFQYHgVriSLmJs1Z)
TVL history not available for pool: Fartcoin / USELESS (FwzRabYpaNEbQBCTXsRZyExP9cjiw2zLasQTs5SnMind)
TVL history not available for pool: Fartcoin / ai16z (AUoYb89fdd1H83eXw5Fci74tkSXKxx1hvSdpkuTe3eNb)
TVL history not available for pool: Fullsend / SOL (5PULCXymfVcxvgma92aGTxdfPzn4keFBrRZDzx48yaz9)
TVL history not available for pool: GAZA / SOL (J6Q7913R8gGVpXiiJQimsMvkq7wMdSN3yZe23RZUtbCw)
TVL history not available for pool: GAZA / USDC (9w5bEzmwnFbQRpTQhSZDcyud6y53H1XkpZ8CirJ8RCNL)
TVL history not available for pool: GFM / SOL (5gqNmuvNQ9qsrcnWtu7WY3S8t8qBpJmaEciNYvuea27c)
TVL history not available for pool: GFM / ai16z (tCjpvhYXYycUzooXGrCRSWEzh5YD7sA4YDayq6L2Pdr)
Updating metadata for pool GMT / SOL (EngvuHZ7JobyTfkDzi5djqncCgmumrB4qLTacRefQon2)
Limit of 30 calls/min reached, waiting for 65s...
Updating metadata for pool GMT / USDC (7PNQ9rfSGCbCC3XTeL6CwwAzevqQGvKXeXMxP2TjS7rM)
TVL history not available for pool: GOAT / SOL (4kKFykZkVqE5wbBgj6o8ddnj5TmA6UQgXJLYzAasgKdD)
TVL history not available for pool: GOAT / SOL (H9tSyjZidmCk8yniD9DkNgNKRwHEQ2BfqkiiktheRQPA)
TVL history not available for pool: GP / SOL (AXhBxNSHcHAe88B3bnSSgt7AjHESbkD9C5WtkY7LmYMQ)
TVL history not available for pool: GP / SOL (9CqcxgPYpi32vfMFcFJuicQEHAKRha17D8DXBA8JcZTc)
Updating metadata for pool GP / SOL (9E2AwC5SzfPy3otpmHHVwGNoM2b2SLrJ9M1T5inXrCPE)
Limit of 30 calls/min reached, waiting for 65s...
Data not available for input timestamp
Data not available for input timestamp
TVL history not available for pool: GP / SPX (9tH4L6AobLYft8mc7oRY9s9H96f8KgDKtbqYCJNfvPfR)
TVL history not available for pool: GP / USDC (7YGHXMBpNLcDRLPUJfqzN79WMoh8Qniz52cNuZK6go7b)
Updating metadata for pool GP / USDC (9vNKzrrHAjqjuTGLjCBo9Ai4edMYgP9dsG4tFZ2hF251)
Data not available for input timestamp
Data not available for input timestamp
TVL history not available for pool: GRASS / SOL (6ScK5vYV7tbe8rR6Sc8gJwDzKkotNjRFzCe6YCw8Nfkg)
TVL history not available for pool: GRIFFAIN / SOL (FTZXgbCYGnVEVMHCTWg6w9YqFiNdjd4wpmEuydf1d7f1)
TVL history not available for pool: GRIFFAIN / SOL (ARoW2byayvBviouHVymJyVTjHM5SzaYCjvQQeZCFSbDb)
TVL history not available for pool: GRIFFAIN / arc (7GF7nYq7Efxn92Q9oDoHB5RrNVk2sECThCfjHUrgSLmx)
TVL history not available for pool: GROKPROMPT / SOL (CkoykEX4X8HNN4ZsZtLLfGkgbMK8NKP2qXtGtnw8nG77)
TVL history not available for pool: GUN / SOL (DnkcwshapxAKLmLpMVgwEMj1BdBQ2nERDpiQcnPQevie)
TVL history not available for pool: GUN / USDC (6iCgjaaCTQqsfBp1tPuFCZbLobWEn6m2sKaYJRxYVrDR)
Updating metadata for pool HNT / MOBILE (45zpzzpZquaVv4BAdXfzNbuba7DAXV32d1sTrUh5wcnW)
Data not available for input timestamp
Data not available for input timestamp
TVL history not available for pool: HNT / MOBILE (FfN7d51N74Ye4846rwKWW9BydK9tkrkQgZEpeVhb2BPp)
Updating metadata for pool HNT / SOL (5qrvgpvr55Eo7c5bBcwopdiQ6TpvceiRm42yjHTbtDvc)
Limit of 30 calls/min reached, waiting for 65s...
Updating metadata for pool HNT / SOL (CSP4RmB6kBHkKGkyTnzt9zYYXDA8SbZ5Do5WfZcjqjE4)
Updating metadata for pool HNT / USDC (8JwS5zosnLFT84S1NebSp1HS6aeaxviXYS7jBh9PQ8vp)
Limit of 30 calls/min reached, waiting for 65s...
TVL history not available for pool: HNT / USDC (9tATysVneRcgncX2mhPuNUoyWDnxbv68KEqP8jeEkJD6)
Updating metadata for pool HONEY / JitoSOL (Ex7Sz5zdutJqfxL3cgTCcg3BT7mK7TKEpJDdM9xGHaWg)
Updating metadata for pool HONEY / SOL (ENYEHSyduTbFN1xoSEGaLu7c1F8AqKucdscMuV5Yypy2)
TVL history not available for pool: HYPER / SOL (Ch7PVghbCr2wvFtWhrmUnvNH27uJYfaeMEkYY4jRGxDr)
TVL history not available for pool: HYPER / SOL (EcCyZ9CRXcAavMhxD2XDdZZk64XuBmXmk8th1iCaK4WJ)
TVL history not available for pool: House / SOL (HeaoWH5EN9ijQz69WSk7MzNfyVD88WWsSh1kCvsrg7Ly)
Updating metadata for pool INF / SOL (DxD41srN8Xk9QfYjdNXF9tTnP6qQxeF2bZF8s1eN62Pe)
Limit of 30 calls/min reached, waiting for 65s...
Updating metadata for pool INF / USDC (6wySwcwYkbqdQDnG9DgN6mez57nv8RnjcTmjxp36o9rZ)
Updating metadata for pool IO / SOL (HB1fZ4PRzHZx5Mc4wizNXTAf298HRMNw1w1S6Y9P6jUP)
Limit of 30 calls/min reached, waiting for 65s...
Data not available for input timestamp
Data not available for input timestamp
TVL history not available for pool: IO / USDC (B2i3TXHdtdDLYP5X2DhXZhUTpbqfzW3JKtBAH4sKAvnY)
Updating metadata for pool IOT / SOL (Cx6WqD4ViGZArdA3nPcneNBJxECftm36CZbtdb7jw9gP)
TVL history not available for pool: JAMBO / SOL (CqjN7qVZFqaLJ3YoyBwYGkmQJYLMKm2MGu3NQVf1j3BW)
TVL history not available for pool: JLP / JUP (BDMF137odk6S4DZpfW3ejgwB4hrvwXYmZuAGE8LTsdBY)
Updating metadata for pool JLP / SOL (6a3m2EgFFKfsFuQtP4LJJXPcAe3TQYXNyHUjjZpUxYgd)
Updating metadata for pool JLP / SOL (4GZWN1bzbkBXwxMhyj9aQd5ZfovoLNSheBtukKdMtNXS)
Limit of 30 calls/min reached, waiting for 65s...
Updating metadata for pool JLP / SOL (4Z1A4Wy4Qj1GDC98YXYCuEkibVsHXoB1pMsn2crqEgDF)
TVL history not available for pool: JLP / SOL (8qeJqjQPbcbsD4KydxgLJKTjbWScnMtkYT3zdtq2Rm87)
Updating metadata for pool JLP / USDC (6NUiVmsNjsi4AfsMsEiaezsaV9N4N1ZrD4jEnuWNRvyb)
Limit of 30 calls/min reached, waiting for 65s...
Updating metadata for pool JLP / USDC (HD8i7qr1hd9ida6sN71RbkLxbWcbvZS4NA5CY6vfcDpj)
Updating metadata for pool JLP / USDC (8Z8uy3xqUZqvpJ9QvJz7muz5aosL2VjGfJcEA99JK364)
Data not available for input timestamp
Data not available for input timestamp
Updating metadata for pool JLP / WBTC (7rCWunLK7a2uLYog5e79Nxz5gfXptJaotjBuqv29JKz)
Limit of 30 calls/min reached, waiting for 65s...
TVL history not available for pool: JLP / WETH (4aoyhEM1dGAm93HbgGHDDCi2H7hPhuzgU2P1B422D9MA)
Updating metadata for pool JTO / JitoSOL (G2FiE1yn9N9ZJx5e1E2LxxMnHvb1H3hCuHLPfKJ98smA)
Updating metadata for pool JTO / SOL (2UhFnySoJi6c89aydGAGS7ZRemo2dbkFRhvSJqDX4gHJ)
Limit of 30 calls/min reached, waiting for 65s...
Updating metadata for pool JUP / SOL (C1MgLojNLWBKADvu9BHdtgzz1oZX4dZ5zGdGcgvvW8Wz)
Updating metadata for pool JUP / SOL (DkVN7RKTNjSSER5oyurf3vddQU2ZneSCYwXvpErvTCFA)
Data not available for input timestamp
Data not available for input timestamp
Updating metadata for pool JUP / SOL (EgcgMpmGnGvU3Wa8T6gvmEN6pfSXXSxPTbYNEHVh8cZk)
Limit of 30 calls/min reached, waiting for 65s...
TVL history not available for pool: JUP / SOL (4h9SaY7YMVtKfTewpGFq8StWJgGdRN3gVD7XmAGCSbki)
TVL history not available for pool: JUP / SOL (Ax8bLZsJBEHifTKqqajnXgaLZXTG11hUJjWdg3Ytyz9L)
Updating metadata for pool JUP / USDC (4Ui9QdDNuUaAGqCPcDSp191QrixLzQiLxJ1Gnqvz3szP)
Updating metadata for pool JUP / USDC (HrLmpzp8Nu5wkn9SGZYSS9Ms6deTvMgGc6BETp4161ZX)
Limit of 30 calls/min reached, waiting for 65s...
Updating metadata for pool JUP / USDC (GaRZqVJCpRMsM12ZTaP13zpaY6npHw2SeruZRWY2GGfn)
Updating metadata for pool JUP / USDT (AyFajbj7QEi8CizFnfEjJn3vSUxgDjVKob4A8i618YJD)
Updating metadata for pool JUP / bSOL (KdcztfHmVNRd5qY7oR7AdoNhcpHhjXKesK9JTBnNxwL)
Limit of 30 calls/min reached, waiting for 65s...
Updating metadata for pool JitoSOL / SOL (Hp53XEtt4S8SvPCXarsLSdGfZBuUr5mMmZmX2DRNXQKp)
Updating metadata for pool JitoSOL / USDC (CxvWVYvvSymLWQNLqo61zjr1L86B4HpxoELbAAjxyb8H)
Limit of 30 calls/min reached, waiting for 65s...
Data not available for input timestamp
Data not available for input timestamp
TVL history not available for pool: JupSOL / JLP (ETJzCMdxUUDGwzqpschAAeAhyUpo6JN3HVCFMmxcGNC5)
TVL history not available for pool: JupSOL / JitoSOL (D2G7dVp1tSsxKx9hs4PLvG5nECszWLg5A1YzahmFx8Pp)
Updating metadata for pool JupSOL / SOL (DtYKbQELgMZ3ihFUrCcCs9gy4djcUuhwgR7UpxVpP2Tg)
Creating metadata for pool JupSOL / USDC (bTnKHSTSDY49nKZpBfMuYpMDziodqvRQCNBMzKjJGhe)
Data not available for input timestamp
Data not available for input timestamp
TVL history not available for pool: JupSOL / mSOL (2NjYrAWmiNE4dRRB8am4p8mWcvBDg22aGB9AfQoU9RRJ)
TVL history not available for pool: KMNO / JitoSOL (2nJjE2ba3iGtefN4UNM1KN5FdYCwssU4Bzhc8URceqh6)
TVL history not available for pool: KMNO / PYUSD (JDELdNKDVFQqAodu79QcgnYbZJA8H3HXKxLQ7MzxByZb)
Updating metadata for pool KMNO / SOL (5E2cHo3DQnRjB3zWHKUs86RPqCeLboMgKV9WjxFwUjhV)
Limit of 30 calls/min reached, waiting for 65s...
TVL history not available for pool: KMNO / SOL (EwjCEwdri8DyiMD3QbsKRawko5SGXwfKUDTpDVwfP7NX)
TVL history not available for pool: KMNO / USDC (3ndjN1nJVUKGrJBc1hhVpER6kWTZKHdyDrPyCJyX3CXK)
TVL history not available for pool: KMNO / USDC (6SkVrZBVPqx3EQqU8QzWShNBTqzSNX34CWhv4gXRquGN)
TVL history not available for pool: L3 / SOL (Dps9eL3mqqWqqz1JcUdVpxo6EQEdbH9fBxex2mDrhBf1)
TVL history not available for pool: LAUNCHCOIN / SOL (2smDwJsKgctD6MDxPaoWYe1cHV7JWXS3hEEzmzJh5dX6)
TVL history not available for pool: LAUNCHCOIN / USDC (BucRUnrr3uNvyjNGC8Crc4aHBpwkG4sr2B1FLKbfvE6L)
TVL history not available for pool: LAYER / USDC (6hZgiqhpusrWNuAyEpkx8KQAWbrqvKA6QaRCHYWcbtNc)
TVL history not available for pool: LCAI / SOL (FnBHUe9jryGJ1Cb55cuEBikp5r5xaoi157b35AAaqAJ4)
TVL history not available for pool: LIBRA / SOL (3YWtgxG5QbJiSXciSHYN9Nbk9TxJ5UL8P3dMR1VxYS1r)
TVL history not available for pool: LIBRA / SOL (5o4b3z5LETqM8EMspgp9WVpQt7CAx589hVrUFonTWywu)
TVL history not available for pool: LILPEPE / SOL (Eg5gEMZPctyYQh3e2hJUii3Pdf1V6mX2HPmUmo8Ta6Cc)
TVL history not available for pool: LIZARD / SOL (47K7wqwTo99aMLMmvq2dxNrytRwgFNJwqkpvocYWHio1)
Updating metadata for pool LST / SOL (HJVNnnRj1xz25P9215AHQUvGXoS6MKtJASjgrrwD7GnP)
Data not available for input timestamp
Data not available for input timestamp
TVL history not available for pool: MAGA / SOL (DQyCAQ74qZYNgbC4ckHBmU2R4tq1QK93nxSXDkVYMWKm)
TVL history not available for pool: MASK / SOL (FW7poahgaz8LynUp6a1K4JySdw3mkL3eTSuzAK1PQJss)
TVL history not available for pool: MASK / USDC (8ZiykUshkMzs7uwRc3HHXJw1ofrnKCkeC5STh7pThP4q)
TVL history not available for pool: ME / SOL (Afzo6NeaptNW3ZnHVTb2y8K1H86TvBuQi2jNkm6LhXTe)
Updating metadata for pool META / USDC (6dyEn3YXFkVzN5EKKJhQML8LXKFczQ8uY5cnsmqTTZo1)
Limit of 30 calls/min reached, waiting for 65s...
TVL history not available for pool: META / USDC (3oL8urV54Lm9ZAFemSegmQox6oEzCJ2kag6hbWKbHt6w)
TVL history not available for pool: MEW / SOL (ENrEBzFdNp8mZ11j1wXYZ5mbyX5yA3Z4t9ALbBKtZ2RD)
Updating metadata for pool MNDE / USDC (3dvV75ULxUzuyg57ZwQiay5xfNNdxT6Y98LA11vQyneF)
Data not available for input timestamp
Data not available for input timestamp
Updating metadata for pool MNDE / mSOL (BVXNG6BrL2Tn3NmppnMeXHjBHTaQSnSnLE99JKwZSWPg)
Data not available for input timestamp
Data not available for input timestamp
TVL history not available for pool: MNDE / mSOL (vjHagYsgZwG9icyFLHu2xWHWdtiS5gfeNzRhDcPt5xq)
Updating metadata for pool MOBILE / SOL (8S24t7whcEUn8VuBRXwritKRy27NfdSWLrRz5gwQXJ9f)
Limit of 30 calls/min reached, waiting for 65s...
Updating metadata for pool MOBILE / SOL (8EyL9NRDo8DfE5rywgnu8KFfm8P7MjYT8wjNUQyGwst8)
Data not available for input timestamp
Data not available for input timestamp
TVL history not available for pool: MOBY / SOL (fcdyWYBQcccmTG11V9nVjqHNfpg32aVGCknfzcuhhtF)
TVL history not available for pool: MPLX / JitoSOL (GExy9FLjGXMLRxNr4MMYFKG6dwXbepidB7oELNpopcRD)
TVL history not available for pool: MPLX / USDC (78QBVQz3EnpuzmY42LRcCkn7gSyuFEMmQn1m5bY1yHgw)
TVL history not available for pool: MTAUR / SOL (G7kNoZ3n4xQn1Y5utPhJT8AmBxMWw3QsQCLXZp2aL3v1)
TVL history not available for pool: MTAUR / SOL (BNkm8ZKXVP3VnyuVgAuJDsrbqhBVreLkXtQpyCsJq4Ac)
TVL history not available for pool: MTAUR / SOL (2d48pT6Zu4Fqv1hZpyY2gV2JTNxEC7rN6nkULWEW47hq)
Updating metadata for pool MYRS / SOL (GzCjqtkSemjoutLkicfqEk5J1RXMXRZ3uPi6VhG99Pkt)
Limit of 30 calls/min reached, waiting for 65s...
Data not available for input timestamp
Data not available for input timestamp
Updating metadata for pool MYRS / USDC (49qy7oiG4U47N9cSWNSGuzMZnujJDG83XjBU4ffsSMVU)
Data not available for input timestamp
Data not available for input timestamp
TVL history not available for pool: Mog / SOL (FWDvLqKFt5H514ov22XXGLopGVsf4w34SD1CEnhfMyJW)
TVL history not available for pool: NATIX / USDC (EE1i59YUAELZj4qe8sHgsYd7wYuwe2YRoJMmkCjJEiGt)
Updating metadata for pool NEON / SOL (GUWM1arUyDnkMGCHvJu3yt1qomJ988utqC3dFN2AUCDT)
Data not available for input timestamp
Data not available for input timestamp
Creating metadata for pool NEON / USDC (BoEj9fXN3B1Nbd6eiwHibFZ8HkikiPCnoAAP4tFdqsSx)
Limit of 30 calls/min reached, waiting for 65s...
Data not available for input timestamp
Data not available for input timestamp
TVL history not available for pool: NEZHA / SOL (6kUNtvu548jY3s5Bda4wqgfzJBYjCWvEJHbgQ4W4mVHj)
TVL history not available for pool: NOBODY / SOL (J2heegFAetYokdMQbqQzUY17Uixv3jnMC2a4q1XLJo4Z)
TVL history not available for pool: NOBODY / SOL (CSaqeiPF9qigVVA6yeDtQQHyeMwm4LJvgVKbu8Fq9kXS)
Updating metadata for pool NOS / RENDER (66y7ViQ6mUyYa1sPDRrroPuAAuTeN1Cb4jKb6FEE5sR1)
Data not available for input timestamp
Data not available for input timestamp
Updating metadata for pool NOS / SOL (3fCMZfWg48aUNYtdPm9KG4kmwseenr446fLAnafd2Uvj)
Limit of 30 calls/min reached, waiting for 65s...
TVL history not available for pool: NVDAx / USDC (6R4r93V5fcMzc13CL2enEepDSYcr4Qx3ptZBDwudTXCo)
Updating metadata for pool NYAN / USDC (57xTqqteaKhQuXYSzNxb6yqZKHw7vBfsj927DznumJGP)
Data not available for input timestamp
Data not available for input timestamp
TVL history not available for pool: ONe / USDC (7jhhyxPUKpu42hPGSYwgMXbR2dtVJHKhs8DW3sAAgAvX)
Updating metadata for pool ORCA / RAY (2ntusSb3dL7LBuTys6wG9pAyB3hWvaei1oa2MucX3Pct)
Updating metadata for pool ORCA / SOL (Hxw77h9fEx598afiiZunwHaX3vYu9UskDk9EpPNZp1mG)
Limit of 30 calls/min reached, waiting for 65s...
TVL history not available for pool: ORCA / SOL (2ZnVuidTHpi5WWKUwFXauYGhvdT9jRKYv5MDahtbwtYr)
TVL history not available for pool: ORCA / SOL (7mP5HSWVJjfRqhwLFPr2Xp3bAyRQCmn3Kx1AW8HskDxk)
Updating metadata for pool ORCA / SOL (HrvrhPtNq8JEGbi7dhMFuXy1Jms49nZrgC6GLjZ3cPyo)
Data not available for input timestamp
Data not available for input timestamp
TVL history not available for pool: ORCA / SOL (6zHJgHJGHUjGx6RvJ9RTDSMqeoJ75D7KoL76U9yiDyfe)
TVL history not available for pool: ORCA / USDC (2p7nYbtPBgtmY69NsE8DAW6szpRJn7tQvDnqvoEWQvjY)
Updating metadata for pool ORCA / USDC (5Z66YYYaTmmx1R4mATAGLSc8aV4Vfy5tNdJQzk1GP9RF)
Limit of 30 calls/min reached, waiting for 65s...
Updating metadata for pool ORCA / USDC (FSBDeuLQ19Hse2jzhHfDwTvEoeRWD7UKK4BM1zgbV7pY)
TVL history not available for pool: ORCA / USDT (4YnaUPeZ2fYqpoLrCyprSai8LaDWZxmgb6cGfNHJmyP6)
TVL history not available for pool: ORCA / mSOL (49tTgthTYLMPEqozZNyEQifqkGYxHqqDie9YxVczS3iB)
TVL history not available for pool: ORCASM / SOL (J3r7DQjFxfqaKJG2X1oWbdQEu8pzcQtwcGxV4kV93sLV)
TVL history not available for pool: ORE / SOL (27ExzqiGapKFd6NhffapRfdSkuykTVUqY5qeuNnrzBNm)
TVL history not available for pool: OSAK / Fartcoin (D6b9u1xwjDy3mfdRKRWFuq8TiA2HiacQMs182qxQE7gh)
TVL history not available for pool: OSAK / SOL (5rUxAtEnHucpvrCkGPCypNGqoJHdKpzPN7oU89bex2fU)
TVL history not available for pool: PALMO / USDC (EBwytCBvkqoWuZLE572L9P3w3KFEXurDUuvn5tqFFQAi)
TVL history not available for pool: PEN / USDC (3ba5fHgafmvtNWALLEZvGREPvpNtWHT2Yff9pTrvXDu3)
TVL history not available for pool: PENGU / JitoSOL (Bpo9m9PVHdCuBLaKP7rKVujnm996yPz6H6s7h7BTwuca)
TVL history not available for pool: PENGU / SOL (FAqh648xeeaTqL7du49sztp9nfj5PjRQrfvaMccyd9cz)
TVL history not available for pool: PENGU / SOL (8GsWExrRFeBj1Nh8gCuVQZo3f6yzd1YFofGbwebh7uFh)
TVL history not available for pool: PENGU / USDC (6pLFuygN2yLg6fAJ4JRtdDfKaugcY51ZYK5PTjFZMa5s)
TVL history not available for pool: PENGU / WETH (HfZemwZmNfjssh22sE6qU4HXLJFXzfPBEJBJpNDdTPNj)
TVL history not available for pool: PHI / SOL (ARs7Zd4CYtsjhgz8uVPrQGz55tMmZhd9ye3oBofABVNS)
Updating metadata for pool PIP / SOL (CwNh2zfNcZt6bDmDvdztLAEJGxNW54rhC33Zki39AT6N)
Data not available for input timestamp
Data not available for input timestamp
Updating metadata for pool POLIS / ATLAS (9HfmWsAwjZpCMCfqFZz3iLtd5K6vxFAY9SmM2XbtUVbZ)
Limit of 30 calls/min reached, waiting for 65s...
Data not available for input timestamp
Data not available for input timestamp
TVL history not available for pool: POPCAT / $WIF (AishPhdJXUHpo3zg2gt5AVfdUg3MPmf8DV8FButvbRJ6)
Updating metadata for pool POPCAT / $WIF (CyJG5PGm5hKrdnmszBUJQfjpSHVJqwUSYffXyTyTAyXv)
Data not available for input timestamp
Data not available for input timestamp
TVL history not available for pool: POPCAT / FWOG (F8Ykc9t6AW1Bjw52d234WdLqfTRfUcem2AHzswRPkbeu)
TVL history not available for pool: POPCAT / Fartcoin (DYFk5yvux4mkuQcxkA7H6FWgRQHc1Z7JUb42SJVxnhgG)
Updating metadata for pool POPCAT / SOL (AHTTzwf3GmVMJdxWM8v2MSxyjZj8rQR6hyAC3g9477Yj)
Limit of 30 calls/min reached, waiting for 65s...
Updating metadata for pool POPCAT / SOL (FjpUZNi84CrL8NPBkqTsMyLkxMHJfAjDZiZ65zsEgXnR)
Updating metadata for pool POPCAT / USDC (82vnbMa6vxm1a9TWy54s1dYRCYeGYZUPQnn7iVLBvmtx)
TVL history not available for pool: POPCAT / USDC (5APLC4jJVGBsThGuZf8CWgUW6zCQ6sq1UBfjXaNB7vAn)
Updating metadata for pool PRCL / JitoSOL (BWGP8CqKgg1rV6kYNFnbGbSYXxnYah4BQg1Sw1Nqy7hm)
Limit of 30 calls/min reached, waiting for 65s...
Data not available for input timestamp
Data not available for input timestamp
Updating metadata for pool PRCL / USDC (7AhWSjMiXtxgZ6tB39V65sF3Rguv6arkbLWyk2v9MxRV)
TVL history not available for pool: PSOL / SOL (3XLkRVg69AgwKAbnSjJpm3PB4QgVeXFEjiXfw5shWMBT)
TVL history not available for pool: PSTUSDC / USDC (FCdB84kbytrT8JHsWLrWxPoquetmtcF1NZw7LYcgrQJE)
TVL history not available for pool: PUBLIC / SOL (FHUzug7YA6Ja8CzVGoxqxQGw23ZNxHctikxVm1z1j5WH)
TVL history not available for pool: PUMP / SOL (7eMnzvi48Nbz2yRaQrCWqfQ7awPNPfV3AboaejktyGMD)
TVL history not available for pool: PUMP / SOL (B7PifWoGLaLC74EyFbzznvCcjgAQZQTYhUqefbsk4bRs)
TVL history not available for pool: PUMP / USDC (HyA4ct7i4XvZsVrLyb5VJhcTP1EZVDZoF9fFGym16zcj)
TVL history not available for pool: PUMP / USDT (8haL6hj9Kq9knYHC3H2GyGijc61G81uCBU19z9zxJDW)
TVL history not available for pool: PUPS / SOL (FfQtSPNUSTDZwNBhJLgpVPG95ediXfeFnfZnoGPELKML)
Updating metadata for pool PVEai / SOL (7cu4pvo6jQMkT6oDwi1QeoYBjhNDmvSr1zGdoGKDGPab)
Limit of 30 calls/min reached, waiting for 65s...
Data not available for input timestamp
Data not available for input timestamp
Updating metadata for pool PYTH / SOL (8erNF5u3CHrqZJXtkfY8CjSxFYF1yqHmN8uDbAhk6tWM)
TVL history not available for pool: PYUSD / JitoSOL (EYMwW3Y7k37G9e3Hfks7KCFv8r5Sict7fBCYLz3vvusQ)
TVL history not available for pool: PYUSD / SOL (9Vh6fqJjDkqSTZ8bDXseVxGb2yQEMkEhhtte2anQCHSf)
TVL history not available for pool: PYUSD / SOL (6Wfzz7Xczn4pciH4LnvF79r34htiWpTXNPCFz4jWZpi3)
TVL history not available for pool: PYUSD / USDC (9tXiuRRw7kbejLhZXtxDxYs2REe43uH2e7k1kocgdM9B)
TVL history not available for pool: PYUSD / USDT (39GrsozbzM9Sg1U7EDnEtQ69fsVF3pmVtmV2DGDAQQJ5)
TVL history not available for pool: Q / SOL (7nuXyw642SQwRzZThgdYhGRDSBBL3S4qdJEqnx2sA74V)
Updating metadata for pool RAY / SOL (5sgXhG1c9VBceg6aVQguK3NnbPfHinERZj86As6zW5Be)
Updating metadata for pool RAY / SOL (D3C5H4YU7rjhK7ePrGtK1Bhde4tfeiTr98axdZnA7tet)
Limit of 30 calls/min reached, waiting for 65s...
TVL history not available for pool: RAY / SOL (27ZbVdmoUhG639CfqG6kW8a4VXZeGBi8Dd4HUXjVDxeS)
TVL history not available for pool: RAY / USDC (2R2VhohRc5WoNHtRdwnjovAQaZRAmr1DE3QFW5jfgb6v)
TVL history not available for pool: RBC / Fartcoin (GWazRc2vwjaxa7oW8kipBzjneiNNC6nPfwsZdBw8u3zb)
Updating metadata for pool RENDER / SOL (AmXR6YeshKfnx23gQpJkktUXoGb7cAXi5hWk3w2pw1a3)
Updating metadata for pool RENDER / USDC (HAWNPF6UZ8YgWisd2gsECNSchdn3hQTEujsZtGxKM1MW)
Limit of 30 calls/min reached, waiting for 65s...
TVL history not available for pool: RICKROLL / SOL (9ojrEUKhu9iJ6E1JQp5bS1dCy4YWfbPrBsq8rXQgBJUq)
TVL history not available for pool: RTX / SOL (KjZWRbHxBSEFriAkGLgdiG9TiiqBD8g3bnjLjYNjS5X)
TVL history not available for pool: RXS / SOL (844XSoBaaLjtwo6i4yzAtzoBgTgSSWtbYJuyagY947tB)
TVL history not available for pool: RYS / USDC (2ZFKVk5g5Yn712ytEYzc42U6rc6YdWA9qjz58MgDdfD6)
Updating metadata for pool SADCAT / SOL (HUFBLzQH2To6WMnMkAhzgSZwCj9efK3AupV4rNwgSeyR)
Data not available for input timestamp
Data not available for input timestamp
Updating metadata for pool SAMO / SOL (4nAiqm5QiZiwh1sMpmuJJdVUH12Fst2kPPzApNfppQGd)
Data not available for input timestamp
Data not available for input timestamp
TVL history not available for pool: SAMO / USDC (Epvp7qMYAF21VVjacdB3VfKn6nnXQSF4rGYu8sD6Bkow)
Updating metadata for pool SHDW / SOL (6jwmmjnx3mDbA6QauSZ7DY8Z1B8wZncxXM1tJd2unpuS)
Limit of 30 calls/min reached, waiting for 65s...
TVL history not available for pool: SHDW / SOL (E3fxkJGNNAWf5xXDfMdq5qofBVkQtLKxkP7gG6Up21Ts)
TVL history not available for pool: SHDW / USDC (25bQ6UzZpgFgnU7MqZdqM9Axi6oJunytRL2LgXruDWZB)
TVL history not available for pool: SNAI / SOL (DykbAJQTSRBjr68zRd47YyLBN6kFf7193Z2c1dGfZ1oX)
Updating metadata for pool SOL / USDC (83v8iPyZihDEjDdY8RdZddyZNyUtXngz69Lgo9Kt5d6d)
Updating metadata for pool SOL / USDC (Czfq3xZZDmsdGdUyrNLtRhGc47cXcZtLG4crryfu44zE)
Limit of 30 calls/min reached, waiting for 65s...
Updating metadata for pool SOL / USDC (FpCMFDFGYotvufJ7HrFHsWEiiQCGbkLCtwHiDnh7o28Q)
Updating metadata for pool SOL / USDC (7qbRF6YsyGuLUVs6Y1q64bdVrfe4ZcUUz1JRdoVNUJnm)
Updating metadata for pool SOL / USDC (21gTfxAnhUDjJGZJDkTXctGFKT8TeiXx6pN1CEg9K1uW)
Limit of 30 calls/min reached, waiting for 65s...
TVL history not available for pool: SOL / USDC (EGZ7tiLeH62TPV1gL8WwbXGzEPa9zmcpVnnkPKKnrE2U)
TVL history not available for pool: SOL / USDC (6fTRDD7sYxCN7oyoSQaN1AWC3P2m8A6gVZzGrpej9DvL)
TVL history not available for pool: SOL / USDC (Esvfxt3jMDdtTZqLF1fqRhDjzM8Bpr7fZxJMrK69PB7e)
TVL history not available for pool: SOL / USDC (4HppGTweoGQ8ZZ6UcCgwJKfi5mJD9Dqwy6htCpnbfBLW)
TVL history not available for pool: SOL / USDC (9VuCJupdVXC1kKijULJQ2GPKPvk2kSMHtgvwDuQq3TDo)
TVL history not available for pool: SOL / USDC (BSddxwYW73as8852ZTHRH13pbZEmZ96NBjayc5mSVtkZ)
Updating metadata for pool SOL / USDT (B6LL9aCWVuo1tTcJoYvCTDqYrq1vjMfci8uHxsm4UxTR)
Updating metadata for pool SOL / USDT (AhhoxZDmsg2snm85vPjqzYzEYESoKfb4KmTj4HrBBNwY)
Limit of 30 calls/min reached, waiting for 65s...
Updating metadata for pool SOL / USDT (7RsgjGLoW1J2YH6wpcnxhN7QZXYxhFz8cf39Ledd8Dmd)
TVL history not available for pool: SOL / VIRTUAL (8hFiFVEupXzsmez1b4C2gKApseZHz3VpSdcWD8LLjYHF)
TVL history not available for pool: SOL / cbBTC (3NJQ6RKnNHb9ErLoKL6ch4mmWAxgfg3v9UBGTVNCWSZf)
TVL history not available for pool: SOLX / SOL (8XcAZRd2c4rDeQGg9sKAhN1ksNWE4WFN4ESvqxWtBX4F)
TVL history not available for pool: SOLX / SOL (BcJZ7kPWy3Ekvn8M4dknH7569S3moRszZT2acj1jfwc5)
TVL history not available for pool: SOLX / SOL (CtwfgQNgYSoGwFBchsrTL391V3KY5oAUNjLXR5cjFWUj)
TVL history not available for pool: SPARK / SOL (45e5hMi4HM4A7MAu9fJtniVxkQHHcMwuv4uc3DpUwuaP)
TVL history not available for pool: SPX / SOL (9YyNqgM3Wcjnzb4DXiyNBbcLEkGAyaiB4PSeQyZsFtr8)
TVL history not available for pool: SPX / SOL (3TgFFgqgaftEYzxPEB31BvUPadnukQozTtinVYxXcukp)
TVL history not available for pool: SPX / USDC (AgeSxtVWWMojFWYNrXKnVp9cFuC5CQ7M4rzmrseLxfUj)
TVL history not available for pool: SPYx / USDC (Fae5dWVntUt6zbWu2voXxioDpMii7SqQwtsxBmoVCsHR)
TVL history not available for pool: STARTUP / SOL (FzNqA68RUn5YSm5dgmENChBjyukVSqUc9BMF2yaPSSeJ)
TVL history not available for pool: STARTUP / SOL (FYkMXtUndL5JBNLv5YivDdfTdz2geAxwwKtk79mZVndn)
TVL history not available for pool: STEP / SOL (2sNtf8wLZMR7XJm2pzvvVUNPTNRFsGTiC5vgDSGv5QGD)
TVL history not available for pool: SWIF / SOL (F2xnFzoYKcvQ8AwBtzoKb9KtHRKMctgodm4r8cDm26WK)
TVL history not available for pool: Seek / USDT (5piYFNw78o8oXsdUvkmD8pvvmc8YrMZfXJB6WuaLePd3)
TVL history not available for pool: T6900 / SOL (B1KLGTMhMPMaH5Rtkz6tt5rJDJaCDLDkvQxZLPLLVV3m)
TVL history not available for pool: TAI / SOL (DMGKfimwKJNk8zKCfC6tzu2NRddcx751UUohW7wrAChy)
TVL history not available for pool: TAPS / SOL (EtxgDHq5CJwR7FbiqfGnJj6iPnXwsScgiLMgWyc36PWN)
Updating metadata for pool TAPS / SOL (BaC9aMbmsFLDXKfrPrH6Qhztcfp8NK2haC3yiZiLHwGp)
Data not available for input timestamp
Data not available for input timestamp
Updating metadata for pool TM / SOL (BiYCZzTC1m9PnasT8XNy16fPxFmKtnUFS8eoayBQCT9Z)
Limit of 30 calls/min reached, waiting for 65s...
Data not available for input timestamp
Data not available for input timestamp
Updating metadata for pool TNSR / JitoSOL (7QkfgyWzWSw11z2FBiJhz8zAL9RwqSRvuXruDrJ3MFA1)
Data not available for input timestamp
Data not available for input timestamp
Updating metadata for pool TNSR / USDC (GJLLHqhu7HnTZzwSBgqLsshdnDP5NwTnwkjTxQbGrf9Q)
Data not available for input timestamp
Data not available for input timestamp
TVL history not available for pool: TROLL / SOL (2d1tnp8Y5RUZ3KqGVnuvqyZAEWWjk6HEk87UrV3gYyc1)
TVL history not available for pool: TROLL / SOL (4rS9cLCZoBasWCLTX1DEMCAQbtqYw3q5fYoPvtRhQvuv)
TVL history not available for pool: TROLL / URANUS (CWqTd9FyfAKYVUq8C8qDgEJDKQRT2pKMtsrLzdT1uNeV)
TVL history not available for pool: TROLL / USELESS (FDcqArehargigaBxbQhXBCSBB5CAEtNZH5jxxXSZayWb)
TVL history not available for pool: TRUMP / SOL (6KX9iiLFBcwfjq3uMqeeMukaMZt5rQYTsbZZTnxbzsz6)
Updating metadata for pool TRUMP / SOL (7m4HiA2ARD1WN3QbrXqwq4ocPcvuaXHq7XqetGzRpCu8)
Limit of 30 calls/min reached, waiting for 65s...
Data not available for input timestamp
Data not available for input timestamp
TVL history not available for pool: TRUMP / USDC (6nD6d8gG17wakW6Wu5URktBZQp3uxp5orgPa576QXigJ)
TVL history not available for pool: TRUMP / USDC (5WrgXzWiz93g4L5XBmr3ggMybW5gfL7drNAKoQMgpDHc)
TVL history not available for pool: TRX / SOL (6h63EdMQXtC45JSc1kLgfsYFqJHLugCwyNB4kmJPVjmf)
TVL history not available for pool: TSLAx / USDC (9p7abUFv31ycgu9kckvnoqMMvBy67dqTDM2m6HP9xokN)
TVL history not available for pool: TUNA / SOL (GUYDxFmMYdtWneG9iBHR7GDn8aCDDUbPWBgmK3NoA1Q3)
TVL history not available for pool: TUNA / USDC (5oVeUTH6N93PuiSvsmiiP1iaKHFzPwKJRQs5KZyJhaCY)
TVL history not available for pool: Topless / SOL (9YsTUwfPqeSmHCMe56fyhEz2yq2dBZte7N5sRPcjSD9u)
TVL history not available for pool: Topless / SOL (GaSD6eg1JvhLTbLh5k8nQrwf2wKDFWkbSiKR6c9PfwRp)
TVL history not available for pool: Topless / SOL (22C16kqNC4ZHbY6myg2X8shjLPdgY28aJxyG1x1Rjjhc)
TVL history not available for pool: UFD / SOL (4m72fcieYpvtrwNw5RkBsGKmgA2un7vu7PARrQCSBTzy)
TVL history not available for pool: URANUS / SOL (9inPS5z49bqAREVAae2kQfi6mXWqWY4EZT5tYxVtq67Z)
TVL history not available for pool: URANUS / USDC (5FuRD9Q1EtTp7XuBHpNxJMKK9a5tT7yWN13nV8FLfJox)
TVL history not available for pool: URANUS / USDC (83hv4sX1mAkYgrGvwbDrGCZbAFNRjKswJowd6Cf4N2gW)
TVL history not available for pool: URANUS / USELESS (GiwtwMvVhEXaEN76pVC6eHXKKXZzYvcbtt1TbVYzM46z)
TVL history not available for pool: USD2 / SOL (Hu3FpmYNZoePfp7JTRsdp5RNMzaE3skvByE83kQuV17o)
Updating metadata for pool USDC / CHONKY (C5wdmudkJgTHiY7WF7MtygqB6GC3Mc7o8879Qe8sVk1j)
Data not available for input timestamp
Data not available for input timestamp
Updating metadata for pool USDC / EURC (EpDiEa7KPoeVfnYfhPSoqsQ4KukGFuRZMfsuNY2rCqgt)
Limit of 30 calls/min reached, waiting for 65s...
Data not available for input timestamp
Data not available for input timestamp
Updating metadata for pool USDC / GOFX (Cst4B1VGkirLHFW5iVUYYL3uc4Wys5uQVVnvNaYPs4XA)
Data not available for input timestamp
Data not available for input timestamp
Updating metadata for pool USDC / JitoSOL (5hWJUNTtEtKmKgDXpthJXXRRmJrz5vJ7uJzrUNVdrwLg)
Updating metadata for pool USDC / JitoSOL (GgAqL1Lfs3zYZK6Gea9Bey5jmPbK8c4dmBbe5gPeYQEz)
Limit of 30 calls/min reached, waiting for 65s...
Updating metadata for pool USDC / PIP (8hzcovwXaP7ZPqbiDiT6CrknqzBp479Tw3kCfDYWseG6)
Data not available for input timestamp
Data not available for input timestamp
Updating metadata for pool USDC / PYTH (CKyPqtvkenW8SRYsK4z5txZzCsCZFS2NTCrzLMmtXTPz)
Limit of 30 calls/min reached, waiting for 65s...
Updating metadata for pool USDC / SOL (HJPjoWUrhoZzkNfRpHuieeFk9WcZWjwy6PBjZ81ngndJ)
Updating metadata for pool USDC / USDC (8hcwA1hr1bLGLHXBCadXWDgxsc1BTe4hAKPcQgTVNXL4)
Data not available for input timestamp
Data not available for input timestamp
Updating metadata for pool USDC / USDT (4fuUiYxTQ6QCrdSq9ouBYcTM7bqSwYTSyLueGZLTy4T4)
Limit of 30 calls/min reached, waiting for 65s...
TVL history not available for pool: USDG / JitoSOL (ESwUHAgvBzwDCWnyVBvf9LvztMr21yfQYWw5Hyi2UYn1)
TVL history not available for pool: USDG / USDC (9RqDTfwCx2SgxsvKpspQHc38HUo3B6hRd3oR9JR966Ps)
TVL history not available for pool: USDG / zenBTC (Gm86g9dQ9bovUNSgYiDYsJadk8yJtRJm7FiK37fj74Qu)
Updating metadata for pool USDH / SOL (AiZa55wSymdzwU9VDoWBrjizFjHdzDJFRNks2enP35sw)
Updating metadata for pool USDH / USDC (Fvtf8VCjnkqbETA6KtyHYqHm26ut6w184Jqm4MQjPvv7)
Limit of 30 calls/min reached, waiting for 65s...
Updating metadata for pool USDH / USDT (963Do8Jw6aKaRB7YLorAGrqAJqhWqVGAStkewfne1SX5)
TVL history not available for pool: USDS / JLP (G53NHjpYDpYfMWed5WrsX2nJqHGtAea6nwbPCkpa6Lyu)
TVL history not available for pool: USDS / USDC (AxqAWNZqozhTn2pkDPgpf5kc5DeBuhLKKNWnt3dLrxdi)
TVL history not available for pool: USDT / JUP (3NwGdGPBkwVMZAkJeBAqKz4CazrcCRMT8kuW4Fffcedg)
Updating metadata for pool USDT / SOL (FwewVm8u6tFPGewAyHmWAqad9hmF7mvqxK4mJ7iNqqGC)
TVL history not available for pool: USDT / SOL (Dqk7mHQBx2ZWExmyrR2S8X6UG75CrbbpK2FSBZsNYsw6)
TVL history not available for pool: USDT / SOL (GDrzVCH6SXYpKrsSR1xymJisgsAvKLWkhk5yKNXDxsvB)
TVL history not available for pool: USDT / SOL (4naspcryb7VX6vdQVRt9hg852JfJL1LQuQ3oqteNZYPr)
TVL history not available for pool: USDT / SOL (4bS6bkBdJ4B1Bt4ft3oGF8La7eKpCqz8xnu1AMpMxWSP)
Updating metadata for pool USDT / SOL (5zVKUoZcQkFCGcRHVHiyGAJRrZj1by67pW3dmvguFvwd)
Limit of 30 calls/min reached, waiting for 65s...
TVL history not available for pool: USDT / SOL (GwvpWnT3zABcySNkHW8FTkJh3RTp3NqVPK9tPvWRcMXT)
TVL history not available for pool: USDT / USDC (CUMATLKzFk3jSgqR3DWtX7b98gm4o32i2bXPSHryAmAk)
TVL history not available for pool: USDT / USDT (594Fsvpjthhd4jiC2GduFQNrfnoVjyReAiHsmsPXJron)
TVL history not available for pool: USDUC / SOL (AorF9MEjaEhKHnSH4P972L3PBpbC6q39k3C4oJkJAE5v)
TVL history not available for pool: USDUT / USDUC (DaEZ6RKe7yHV6vTuxaTxVhL6EvitKKTCHTJzMrUunqVC)
Updating metadata for pool USDY / USDC (7riFsDxbskTqDtCSjev2jN9hyAJqeKmbWqgfiWD6ikUC)
Data not available for input timestamp
Data not available for input timestamp
TVL history not available for pool: USDe / PYUSD (FXPopoKVLHeXonysHMEonZZJ4nsUdFqr4RpFuAvLUvFB)
TVL history not available for pool: USDe / USDC (5deKt3fkUW6aB3WaeyEtA73uCrxG4dQkRivdL7fLVyis)
TVL history not available for pool: USDu / USDC (94BpFoyri4uTT55NFSHKYNFyUMtoWXEisMA4LK7nTKPU)
TVL history not available for pool: USDu / USDC (FXZWD1ZwT9Uppcghe35ACM5K718vGepaHLMW1nrw9bRA)
TVL history not available for pool: USEFUL / SOL (8DJot9RyJBa1j17CTpi32QBZuJBcK2LKpDcMUS1ifWw2)
TVL history not available for pool: USELESS / SOL (HsQGWEh3ib6w59rBh5n1jXmi8VXFBqKEjxozL6PGfcgb)
TVL history not available for pool: USELESS / SOL (5EHA6nzqBERHy6E4cf6Mjehog11SCpnrHr29UQy2FxVc)
